[32m2024-07-15 17:09:36.965[0m | [38;2;255;0;255mCPU 11.5%[0m | [38;2;255;0;255mMEM 86.4%[0m | [38;2;255;0;255mDISK 92.8%[0m | [34m[1mDEBUG   [0m | [36mmain[0m:[36msetup[0m:[36m158[0m |  - [34m[1mLogger setup complete[0m
[32m2024-07-15 17:26:40.144[0m | [38;2;255;0;255mCPU 9.8% [0m | [38;2;255;0;255mMEM 85.5%[0m | [38;2;255;0;255mDISK 92.8%[0m | [34m[1mDEBUG   [0m | [36mmain[0m:[36msetup[0m:[36m158[0m |  - [34m[1mLogger setup complete[0m
[32m2024-07-15 17:27:00.343[0m | [38;2;255;0;255mCPU 7.6% [0m | [38;2;255;0;255mMEM 85.3%[0m | [38;2;255;0;255mDISK 92.8%[0m | [34m[1mDEBUG   [0m | [36msrc.utils.news_browser[0m:[36m__init__[0m:[36m150[0m |  - [34m[1mCreating browser[0m
[32m2024-07-15 17:27:50.409[0m | [38;2;255;0;255mCPU 9.5% [0m | [38;2;255;0;255mMEM 92.8%[0m | [38;2;255;0;255mDISK 92.8%[0m | [1mINFO    [0m | [36mmain[0m:[36msearch[0m:[36m162[0m |  - [1mSearching for news...[0m
[32m2024-07-15 17:29:15.844[0m | [38;2;255;0;255mCPU 7.8% [0m | [38;2;255;0;255mMEM 91.9%[0m | [38;2;255;0;255mDISK 92.9%[0m | [1mINFO    [0m | [36mmain[0m:[36msearch[0m:[36m169[0m |  - [1mCollecting articles...[0m
[32m2024-07-15 17:30:23.199[0m | [38;2;255;0;255mCPU 7.4% [0m | [38;2;255;0;255mMEM 89.8%[0m | [38;2;255;0;255mDISK 92.9%[0m | [1mINFO    [0m | [36mmain[0m:[36msearch[0m:[36m172[0m |  - [1mNavigating to next page...[0m
[32m2024-07-15 17:31:47.723[0m | [38;2;255;0;255mCPU 7.3% [0m | [38;2;255;0;255mMEM 84.3%[0m | [38;2;255;0;255mDISK 92.9%[0m | [1mINFO    [0m | [36mmain[0m:[36msearch[0m:[36m172[0m |  - [1mNavigating to next page...[0m
[32m2024-07-15 17:31:53.639[0m | [38;2;255;0;255mCPU 9.4% [0m | [38;2;255;0;255mMEM 84.1%[0m | [38;2;255;0;255mDISK 92.9%[0m | [1mINFO    [0m | [36mmain[0m:[36msearch[0m:[36m174[0m |  - [1mFound 17 articles[0m
[32m2024-07-15 17:33:34.427[0m | [38;2;255;0;255mCPU 8.0% [0m | [38;2;255;0;255mMEM 74.8%[0m | [38;2;255;0;255mDISK 92.9%[0m | [34m[1mDEBUG   [0m | [36mmain[0m:[36msetup[0m:[36m158[0m |  - [34m[1mLogger setup complete[0m
[32m2024-07-15 17:33:36.703[0m | [38;2;255;0;255mCPU 8.7% [0m | [38;2;255;0;255mMEM 75.2%[0m | [38;2;255;0;255mDISK 92.9%[0m | [34m[1mDEBUG   [0m | [36msrc.utils.news_browser[0m:[36m__init__[0m:[36m150[0m |  - [34m[1mCreating browser[0m
[32m2024-07-15 17:33:42.226[0m | [38;2;255;0;255mCPU 11.4%[0m | [38;2;255;0;255mMEM 79.2%[0m | [38;2;255;0;255mDISK 92.9%[0m | [1mINFO    [0m | [36mmain[0m:[36msearch[0m:[36m162[0m |  - [1mSearching for news...[0m
[32m2024-07-15 17:33:46.373[0m | [38;2;255;0;255mCPU 23.4%[0m | [38;2;255;0;255mMEM 88.1%[0m | [38;2;255;0;255mDISK 92.9%[0m | [1mINFO    [0m | [36mmain[0m:[36msearch[0m:[36m169[0m |  - [1mCollecting articles...[0m
[32m2024-07-15 17:33:49.202[0m | [38;2;255;0;255mCPU 23.4%[0m | [38;2;255;0;255mMEM 92.2%[0m | [38;2;255;0;255mDISK 92.9%[0m | [1mINFO    [0m | [36mmain[0m:[36msearch[0m:[36m172[0m |  - [1mNavigating to next page...[0m
[32m2024-07-15 17:33:53.718[0m | [38;2;255;0;255mCPU 26.9%[0m | [38;2;255;0;255mMEM 92.1%[0m | [38;2;255;0;255mDISK 92.9%[0m | [1mINFO    [0m | [36mmain[0m:[36msearch[0m:[36m172[0m |  - [1mNavigating to next page...[0m
[32m2024-07-15 17:33:56.451[0m | [38;2;255;0;255mCPU 8.0% [0m | [38;2;255;0;255mMEM 91.9%[0m | [38;2;255;0;255mDISK 92.9%[0m | [1mINFO    [0m | [36mmain[0m:[36msearch[0m:[36m174[0m |  - [1mFound 17 articles[0m
[32m2024-07-15 17:33:56.717[0m | [38;2;255;0;255mCPU 43.0%[0m | [38;2;255;0;255mMEM 91.2%[0m | [38;2;255;0;255mDISK 92.9%[0m | [1mINFO    [0m | [36mmain[0m:[36msearch[0m:[36m175[0m |  - [1mNews search complete[0m
[32m2024-07-15 17:33:56.737[0m | [38;2;255;0;255mCPU 21.4%[0m | [38;2;255;0;255mMEM 91.2%[0m | [38;2;255;0;255mDISK 92.9%[0m | [1mINFO    [0m | [36mmain[0m:[36msearch[0m:[36m177[0m |  - [1mProcessing articles...[0m
[32m2024-07-15 17:33:56.752[0m | [38;2;255;0;255mCPU 0.0% [0m | [38;2;255;0;255mMEM 91.2%[0m | [38;2;255;0;255mDISK 92.9%[0m | [1mINFO    [0m | [36mmain[0m:[36msearch[0m:[36m186[0m |  - [1mArticles processed[0m
[32m2024-07-15 17:36:11.608[0m | [38;2;255;0;255mCPU 7.3% [0m | [38;2;255;0;255mMEM 68.7%[0m | [38;2;255;0;255mDISK 92.9%[0m | [34m[1mDEBUG   [0m | [36msrc.utils.news_browser[0m:[36m__exit__[0m:[36m179[0m |  - [34m[1mQuitting browser[0m
[32m2024-07-15 17:36:17.529[0m | [38;2;255;0;255mCPU 11.5%[0m | [38;2;255;0;255mMEM 69.9%[0m | [38;2;255;0;255mDISK 92.9%[0m | [34m[1mDEBUG   [0m | [36mmain[0m:[36msetup[0m:[36m158[0m |  - [34m[1mLogger setup complete[0m
[32m2024-07-15 17:36:17.550[0m | [38;2;255;0;255mCPU 8.3% [0m | [38;2;255;0;255mMEM 69.9%[0m | [38;2;255;0;255mDISK 92.9%[0m | [1mINFO    [0m | [36mmain[0m:[36mcapture_news[0m:[36m237[0m |  - [1mWorkitem parameters validated[0m
[32m2024-07-15 17:36:17.566[0m | [38;2;255;0;255mCPU 0.0% [0m | [38;2;255;0;255mMEM 69.9%[0m | [38;2;255;0;255mDISK 92.9%[0m | [34m[1mDEBUG   [0m | [36msrc.utils.news_browser[0m:[36m__init__[0m:[36m150[0m |  - [34m[1mCreating browser[0m
[32m2024-07-15 17:36:24.045[0m | [38;2;255;0;255mCPU 10.6%[0m | [38;2;255;0;255mMEM 74.2%[0m | [38;2;255;0;255mDISK 92.9%[0m | [1mINFO    [0m | [36mmain[0m:[36msearch[0m:[36m162[0m |  - [1mSearching for news...[0m
[32m2024-07-15 17:36:26.214[0m | [38;2;255;0;255mCPU 18.9%[0m | [38;2;255;0;255mMEM 78.3%[0m | [38;2;255;0;255mDISK 92.9%[0m | [1mINFO    [0m | [36mmain[0m:[36msearch[0m:[36m169[0m |  - [1mCollecting articles...[0m
[32m2024-07-15 17:36:29.326[0m | [38;2;255;0;255mCPU 22.8%[0m | [38;2;255;0;255mMEM 83.9%[0m | [38;2;255;0;255mDISK 92.9%[0m | [1mINFO    [0m | [36mmain[0m:[36msearch[0m:[36m172[0m |  - [1mNavigating to next page...[0m
[32m2024-07-15 17:36:33.317[0m | [38;2;255;0;255mCPU 21.4%[0m | [38;2;255;0;255mMEM 84.0%[0m | [38;2;255;0;255mDISK 92.9%[0m | [1mINFO    [0m | [36mmain[0m:[36msearch[0m:[36m172[0m |  - [1mNavigating to next page...[0m
[32m2024-07-15 17:36:36.026[0m | [38;2;255;0;255mCPU 12.4%[0m | [38;2;255;0;255mMEM 84.7%[0m | [38;2;255;0;255mDISK 92.9%[0m | [1mINFO    [0m | [36mmain[0m:[36msearch[0m:[36m174[0m |  - [1mFound 17 articles[0m
[32m2024-07-15 17:36:36.206[0m | [38;2;255;0;255mCPU 41.8%[0m | [38;2;255;0;255mMEM 84.3%[0m | [38;2;255;0;255mDISK 92.9%[0m | [1mINFO    [0m | [36mmain[0m:[36msearch[0m:[36m175[0m |  - [1mNews search complete[0m
[32m2024-07-15 17:36:36.218[0m | [38;2;255;0;255mCPU 15.4%[0m | [38;2;255;0;255mMEM 84.3%[0m | [38;2;255;0;255mDISK 92.9%[0m | [1mINFO    [0m | [36mmain[0m:[36msearch[0m:[36m177[0m |  - [1mProcessing articles...[0m
[32m2024-07-15 17:36:36.234[0m | [38;2;255;0;255mCPU 12.5%[0m | [38;2;255;0;255mMEM 84.3%[0m | [38;2;255;0;255mDISK 92.9%[0m | [1mINFO    [0m | [36mmain[0m:[36msearch[0m:[36m186[0m |  - [1mArticles processed[0m
[32m2024-07-15 17:36:40.016[0m | [38;2;255;0;255mCPU 9.0% [0m | [38;2;255;0;255mMEM 70.1%[0m | [38;2;255;0;255mDISK 92.9%[0m | [34m[1mDEBUG   [0m | [36msrc.utils.news_browser[0m:[36m__exit__[0m:[36m179[0m |  - [34m[1mQuitting browser[0m
[32m2024-07-15 17:39:23.612[0m | [38;2;255;0;255mCPU 10.3%[0m | [38;2;255;0;255mMEM 85.0%[0m | [38;2;255;0;255mDISK 92.9%[0m | [34m[1mDEBUG   [0m | [36mmain[0m:[36msetup[0m:[36m158[0m |  - [34m[1mLogger setup complete[0m
[32m2024-07-15 17:39:23.636[0m | [38;2;255;0;255mCPU 7.7% [0m | [38;2;255;0;255mMEM 85.0%[0m | [38;2;255;0;255mDISK 92.9%[0m | [1mINFO    [0m | [36mmain[0m:[36mcapture_news[0m:[36m237[0m |  - [1mWorkitem parameters validated[0m
[32m2024-07-15 17:39:23.655[0m | [38;2;255;0;255mCPU 10.0%[0m | [38;2;255;0;255mMEM 85.0%[0m | [38;2;255;0;255mDISK 92.9%[0m | [34m[1mDEBUG   [0m | [36msrc.utils.news_browser[0m:[36m__init__[0m:[36m150[0m |  - [34m[1mCreating browser[0m
[32m2024-07-15 17:39:28.191[0m | [38;2;255;0;255mCPU 11.0%[0m | [38;2;255;0;255mMEM 87.7%[0m | [38;2;255;0;255mDISK 92.9%[0m | [1mINFO    [0m | [36mmain[0m:[36msearch[0m:[36m162[0m |  - [1mSearching for news...[0m
[32m2024-07-15 17:39:30.562[0m | [38;2;255;0;255mCPU 13.9%[0m | [38;2;255;0;255mMEM 89.6%[0m | [38;2;255;0;255mDISK 92.9%[0m | [1mINFO    [0m | [36mmain[0m:[36msearch[0m:[36m169[0m |  - [1mCollecting articles...[0m
[32m2024-07-15 17:39:34.036[0m | [38;2;255;0;255mCPU 22.9%[0m | [38;2;255;0;255mMEM 92.8%[0m | [38;2;255;0;255mDISK 92.9%[0m | [1mINFO    [0m | [36mmain[0m:[36msearch[0m:[36m172[0m |  - [1mNavigating to next page...[0m
[32m2024-07-15 17:39:38.271[0m | [38;2;255;0;255mCPU 19.1%[0m | [38;2;255;0;255mMEM 93.4%[0m | [38;2;255;0;255mDISK 92.9%[0m | [1mINFO    [0m | [36mmain[0m:[36msearch[0m:[36m172[0m |  - [1mNavigating to next page...[0m
[32m2024-07-15 17:39:41.014[0m | [38;2;255;0;255mCPU 10.4%[0m | [38;2;255;0;255mMEM 93.2%[0m | [38;2;255;0;255mDISK 92.9%[0m | [1mINFO    [0m | [36mmain[0m:[36msearch[0m:[36m174[0m |  - [1mFound 17 articles[0m
[32m2024-07-15 17:39:41.141[0m | [38;2;255;0;255mCPU 44.1%[0m | [38;2;255;0;255mMEM 91.7%[0m | [38;2;255;0;255mDISK 92.9%[0m | [1mINFO    [0m | [36mmain[0m:[36msearch[0m:[36m175[0m |  - [1mNews search complete[0m
[32m2024-07-15 17:39:41.157[0m | [38;2;255;0;255mCPU 30.8%[0m | [38;2;255;0;255mMEM 91.7%[0m | [38;2;255;0;255mDISK 92.9%[0m | [1mINFO    [0m | [36mmain[0m:[36msearch[0m:[36m177[0m |  - [1mProcessing articles...[0m
[32m2024-07-15 17:39:41.174[0m | [38;2;255;0;255mCPU 0.0% [0m | [38;2;255;0;255mMEM 91.7%[0m | [38;2;255;0;255mDISK 92.9%[0m | [1mINFO    [0m | [36mmain[0m:[36msearch[0m:[36m186[0m |  - [1mArticles processed[0m
[32m2024-07-15 17:39:43.433[0m | [38;2;255;0;255mCPU 12.7%[0m | [38;2;255;0;255mMEM 79.0%[0m | [38;2;255;0;255mDISK 92.9%[0m | [34m[1mDEBUG   [0m | [36msrc.utils.news_browser[0m:[36m__exit__[0m:[36m179[0m |  - [34m[1mQuitting browser[0m
[32m2024-07-15 17:51:11.506[0m | [38;2;255;0;255mCPU 10.2%[0m | [38;2;255;0;255mMEM 90.1%[0m | [38;2;255;0;255mDISK 92.9%[0m | [34m[1mDEBUG   [0m | [36mmain[0m:[36msetup[0m:[36m158[0m |  - [34m[1mLogger setup complete[0m
[32m2024-07-15 17:51:11.530[0m | [38;2;255;0;255mCPU 10.0%[0m | [38;2;255;0;255mMEM 90.1%[0m | [38;2;255;0;255mDISK 92.9%[0m | [1mINFO    [0m | [36mmain[0m:[36mcapture_news[0m:[36m237[0m |  - [1mWorkitem parameters validated[0m
[32m2024-07-15 17:51:11.548[0m | [38;2;255;0;255mCPU 10.0%[0m | [38;2;255;0;255mMEM 90.1%[0m | [38;2;255;0;255mDISK 92.9%[0m | [34m[1mDEBUG   [0m | [36msrc.utils.news_browser[0m:[36m__init__[0m:[36m152[0m |  - [34m[1mCreating browser[0m
[32m2024-07-15 17:51:16.774[0m | [38;2;255;0;255mCPU 9.9% [0m | [38;2;255;0;255mMEM 93.7%[0m | [38;2;255;0;255mDISK 92.9%[0m | [1mINFO    [0m | [36mmain[0m:[36msearch[0m:[36m162[0m |  - [1mSearching for news...[0m
[32m2024-07-15 17:51:20.187[0m | [38;2;255;0;255mCPU 20.3%[0m | [38;2;255;0;255mMEM 97.4%[0m | [38;2;255;0;255mDISK 92.9%[0m | [1mINFO    [0m | [36mmain[0m:[36msearch[0m:[36m169[0m |  - [1mCollecting articles...[0m
[32m2024-07-15 17:51:23.858[0m | [38;2;255;0;255mCPU 21.8%[0m | [38;2;255;0;255mMEM 98.2%[0m | [38;2;255;0;255mDISK 92.9%[0m | [1mINFO    [0m | [36mmain[0m:[36msearch[0m:[36m172[0m |  - [1mNavigating to next page...[0m
[32m2024-07-15 17:51:28.804[0m | [38;2;255;0;255mCPU 17.8%[0m | [38;2;255;0;255mMEM 92.0%[0m | [38;2;255;0;255mDISK 92.9%[0m | [1mINFO    [0m | [36mmain[0m:[36msearch[0m:[36m172[0m |  - [1mNavigating to next page...[0m
[32m2024-07-15 17:51:31.506[0m | [38;2;255;0;255mCPU 9.9% [0m | [38;2;255;0;255mMEM 93.8%[0m | [38;2;255;0;255mDISK 92.9%[0m | [1mINFO    [0m | [36mmain[0m:[36msearch[0m:[36m174[0m |  - [1mFound 17 articles[0m
[32m2024-07-15 17:51:31.810[0m | [38;2;255;0;255mCPU 52.7%[0m | [38;2;255;0;255mMEM 91.6%[0m | [38;2;255;0;255mDISK 92.9%[0m | [1mINFO    [0m | [36mmain[0m:[36msearch[0m:[36m175[0m |  - [1mNews search complete[0m
[32m2024-07-15 17:51:31.826[0m | [38;2;255;0;255mCPU 0.0% [0m | [38;2;255;0;255mMEM 91.6%[0m | [38;2;255;0;255mDISK 92.9%[0m | [1mINFO    [0m | [36mmain[0m:[36msearch[0m:[36m177[0m |  - [1mProcessing articles...[0m
[32m2024-07-15 17:51:31.840[0m | [38;2;255;0;255mCPU 17.6%[0m | [38;2;255;0;255mMEM 91.6%[0m | [38;2;255;0;255mDISK 92.9%[0m | [1mINFO    [0m | [36mmain[0m:[36msearch[0m:[36m186[0m |  - [1mArticles processed[0m
[32m2024-07-15 17:55:14.392[0m | [38;2;255;0;255mCPU 12.5%[0m | [38;2;255;0;255mMEM 83.0%[0m | [38;2;255;0;255mDISK 92.9%[0m | [34m[1mDEBUG   [0m | [36mmain[0m:[36msetup[0m:[36m158[0m |  - [34m[1mLogger setup complete[0m
[32m2024-07-15 17:55:14.420[0m | [38;2;255;0;255mCPU 25.0%[0m | [38;2;255;0;255mMEM 83.0%[0m | [38;2;255;0;255mDISK 92.9%[0m | [1mINFO    [0m | [36mmain[0m:[36mcapture_news[0m:[36m237[0m |  - [1mWorkitem parameters validated[0m
[32m2024-07-15 17:55:14.438[0m | [38;2;255;0;255mCPU 46.2%[0m | [38;2;255;0;255mMEM 82.9%[0m | [38;2;255;0;255mDISK 92.9%[0m | [34m[1mDEBUG   [0m | [36msrc.utils.news_browser[0m:[36m__init__[0m:[36m152[0m |  - [34m[1mCreating browser[0m
[32m2024-07-15 17:55:20.744[0m | [38;2;255;0;255mCPU 12.4%[0m | [38;2;255;0;255mMEM 85.8%[0m | [38;2;255;0;255mDISK 92.9%[0m | [1mINFO    [0m | [36mmain[0m:[36msearch[0m:[36m162[0m |  - [1mSearching for news...[0m
[32m2024-07-15 17:55:24.059[0m | [38;2;255;0;255mCPU 19.2%[0m | [38;2;255;0;255mMEM 89.9%[0m | [38;2;255;0;255mDISK 92.9%[0m | [1mINFO    [0m | [36mmain[0m:[36msearch[0m:[36m169[0m |  - [1mCollecting articles...[0m
[32m2024-07-15 17:55:27.069[0m | [38;2;255;0;255mCPU 16.9%[0m | [38;2;255;0;255mMEM 92.2%[0m | [38;2;255;0;255mDISK 92.9%[0m | [1mINFO    [0m | [36mmain[0m:[36msearch[0m:[36m172[0m |  - [1mNavigating to next page...[0m
[32m2024-07-15 17:55:31.480[0m | [38;2;255;0;255mCPU 18.0%[0m | [38;2;255;0;255mMEM 92.2%[0m | [38;2;255;0;255mDISK 92.9%[0m | [1mINFO    [0m | [36mmain[0m:[36msearch[0m:[36m172[0m |  - [1mNavigating to next page...[0m
[32m2024-07-15 17:55:34.191[0m | [38;2;255;0;255mCPU 8.7% [0m | [38;2;255;0;255mMEM 92.7%[0m | [38;2;255;0;255mDISK 92.9%[0m | [1mINFO    [0m | [36mmain[0m:[36msearch[0m:[36m174[0m |  - [1mFound 17 articles[0m
[32m2024-07-15 17:55:34.308[0m | [38;2;255;0;255mCPU 56.3%[0m | [38;2;255;0;255mMEM 91.1%[0m | [38;2;255;0;255mDISK 92.9%[0m | [1mINFO    [0m | [36mmain[0m:[36msearch[0m:[36m175[0m |  - [1mNews search complete[0m
[32m2024-07-15 17:55:34.322[0m | [38;2;255;0;255mCPU 16.7%[0m | [38;2;255;0;255mMEM 91.1%[0m | [38;2;255;0;255mDISK 92.9%[0m | [1mINFO    [0m | [36mmain[0m:[36msearch[0m:[36m177[0m |  - [1mProcessing articles...[0m
[32m2024-07-15 17:55:34.340[0m | [38;2;255;0;255mCPU 16.7%[0m | [38;2;255;0;255mMEM 91.1%[0m | [38;2;255;0;255mDISK 92.9%[0m | [1mINFO    [0m | [36mmain[0m:[36msearch[0m:[36m186[0m |  - [1mArticles processed[0m
[32m2024-07-15 18:08:29.469[0m | [38;2;255;0;255mCPU 7.9% [0m | [38;2;255;0;255mMEM 79.0%[0m | [38;2;255;0;255mDISK 92.9%[0m | [34m[1mDEBUG   [0m | [36mmain[0m:[36msetup[0m:[36m158[0m |  - [34m[1mLogger setup complete[0m
[32m2024-07-15 18:08:29.491[0m | [38;2;255;0;255mCPU 0.0% [0m | [38;2;255;0;255mMEM 79.0%[0m | [38;2;255;0;255mDISK 92.9%[0m | [1mINFO    [0m | [36mmain[0m:[36mcapture_news[0m:[36m237[0m |  - [1mWorkitem parameters validated[0m
[32m2024-07-15 18:08:29.509[0m | [38;2;255;0;255mCPU 13.3%[0m | [38;2;255;0;255mMEM 79.0%[0m | [38;2;255;0;255mDISK 92.9%[0m | [34m[1mDEBUG   [0m | [36msrc.utils.news_browser[0m:[36m__init__[0m:[36m148[0m |  - [34m[1mCreating browser[0m
[32m2024-07-15 18:08:34.545[0m | [38;2;255;0;255mCPU 10.5%[0m | [38;2;255;0;255mMEM 83.2%[0m | [38;2;255;0;255mDISK 92.9%[0m | [1mINFO    [0m | [36mmain[0m:[36msearch[0m:[36m162[0m |  - [1mSearching for news...[0m
[32m2024-07-15 18:08:37.252[0m | [38;2;255;0;255mCPU 13.7%[0m | [38;2;255;0;255mMEM 86.4%[0m | [38;2;255;0;255mDISK 92.9%[0m | [1mINFO    [0m | [36mmain[0m:[36msearch[0m:[36m169[0m |  - [1mCollecting articles...[0m
[32m2024-07-15 18:08:41.101[0m | [38;2;255;0;255mCPU 25.9%[0m | [38;2;255;0;255mMEM 90.1%[0m | [38;2;255;0;255mDISK 92.9%[0m | [1mINFO    [0m | [36mmain[0m:[36msearch[0m:[36m172[0m |  - [1mNavigating to next page...[0m
[32m2024-07-15 18:08:45.644[0m | [38;2;255;0;255mCPU 21.6%[0m | [38;2;255;0;255mMEM 92.6%[0m | [38;2;255;0;255mDISK 92.9%[0m | [1mINFO    [0m | [36mmain[0m:[36msearch[0m:[36m172[0m |  - [1mNavigating to next page...[0m
[32m2024-07-15 18:08:48.369[0m | [38;2;255;0;255mCPU 9.8% [0m | [38;2;255;0;255mMEM 92.6%[0m | [38;2;255;0;255mDISK 92.9%[0m | [1mINFO    [0m | [36mmain[0m:[36msearch[0m:[36m174[0m |  - [1mFound 17 articles[0m
[32m2024-07-15 18:08:48.642[0m | [38;2;255;0;255mCPU 37.7%[0m | [38;2;255;0;255mMEM 91.1%[0m | [38;2;255;0;255mDISK 92.9%[0m | [1mINFO    [0m | [36mmain[0m:[36msearch[0m:[36m175[0m |  - [1mNews search complete[0m
[32m2024-07-15 18:08:48.657[0m | [38;2;255;0;255mCPU 7.1% [0m | [38;2;255;0;255mMEM 91.1%[0m | [38;2;255;0;255mDISK 92.9%[0m | [1mINFO    [0m | [36mmain[0m:[36msearch[0m:[36m177[0m |  - [1mProcessing articles...[0m
[32m2024-07-15 18:08:48.672[0m | [38;2;255;0;255mCPU 9.1% [0m | [38;2;255;0;255mMEM 91.1%[0m | [38;2;255;0;255mDISK 92.9%[0m | [1mINFO    [0m | [36mmain[0m:[36msearch[0m:[36m186[0m |  - [1mArticles processed[0m
[32m2024-07-15 18:47:08.483[0m | [38;2;255;0;255mCPU 10.0%[0m | [38;2;255;0;255mMEM 82.5%[0m | [38;2;255;0;255mDISK 92.9%[0m | [34m[1mDEBUG   [0m | [36mmain[0m:[36msetup[0m:[36m158[0m |  - [34m[1mLogger setup complete[0m
[32m2024-07-15 18:47:08.507[0m | [38;2;255;0;255mCPU 0.0% [0m | [38;2;255;0;255mMEM 82.5%[0m | [38;2;255;0;255mDISK 92.9%[0m | [1mINFO    [0m | [36mmain[0m:[36mcapture_news[0m:[36m237[0m |  - [1mWorkitem parameters validated[0m
[32m2024-07-15 18:47:08.524[0m | [38;2;255;0;255mCPU 7.7% [0m | [38;2;255;0;255mMEM 82.5%[0m | [38;2;255;0;255mDISK 92.9%[0m | [34m[1mDEBUG   [0m | [36msrc.utils.news_browser.base[0m:[36m__init__[0m:[36m148[0m |  - [34m[1mCreating browser[0m
[32m2024-07-15 18:47:13.530[0m | [38;2;255;0;255mCPU 10.9%[0m | [38;2;255;0;255mMEM 86.8%[0m | [38;2;255;0;255mDISK 93.0%[0m | [1mINFO    [0m | [36mmain[0m:[36msearch[0m:[36m162[0m |  - [1mSearching for news...[0m
[32m2024-07-15 18:47:18.069[0m | [38;2;255;0;255mCPU 36.1%[0m | [38;2;255;0;255mMEM 94.9%[0m | [38;2;255;0;255mDISK 93.0%[0m | [1mINFO    [0m | [36mmain[0m:[36msearch[0m:[36m169[0m |  - [1mCollecting articles...[0m
[32m2024-07-15 18:47:21.771[0m | [38;2;255;0;255mCPU 29.1%[0m | [38;2;255;0;255mMEM 97.5%[0m | [38;2;255;0;255mDISK 93.0%[0m | [1mINFO    [0m | [36mmain[0m:[36msearch[0m:[36m172[0m |  - [1mNavigating to next page...[0m
[32m2024-07-15 18:47:25.839[0m | [38;2;255;0;255mCPU 12.1%[0m | [38;2;255;0;255mMEM 91.4%[0m | [38;2;255;0;255mDISK 93.0%[0m | [1mINFO    [0m | [36mmain[0m:[36msearch[0m:[36m172[0m |  - [1mNavigating to next page...[0m
[32m2024-07-15 18:47:28.639[0m | [38;2;255;0;255mCPU 10.3%[0m | [38;2;255;0;255mMEM 93.4%[0m | [38;2;255;0;255mDISK 93.0%[0m | [1mINFO    [0m | [36mmain[0m:[36msearch[0m:[36m174[0m |  - [1mFound 17 articles[0m
[32m2024-07-15 18:47:28.875[0m | [38;2;255;0;255mCPU 59.1%[0m | [38;2;255;0;255mMEM 92.5%[0m | [38;2;255;0;255mDISK 93.0%[0m | [1mINFO    [0m | [36mmain[0m:[36msearch[0m:[36m175[0m |  - [1mNews search complete[0m
[32m2024-07-15 18:47:28.889[0m | [38;2;255;0;255mCPU 23.1%[0m | [38;2;255;0;255mMEM 92.4%[0m | [38;2;255;0;255mDISK 93.0%[0m | [1mINFO    [0m | [36mmain[0m:[36msearch[0m:[36m177[0m |  - [1mProcessing articles...[0m
[32m2024-07-15 18:47:28.910[0m | [38;2;255;0;255mCPU 15.4%[0m | [38;2;255;0;255mMEM 92.4%[0m | [38;2;255;0;255mDISK 93.0%[0m | [1mINFO    [0m | [36mmain[0m:[36msearch[0m:[36m186[0m |  - [1mArticles processed[0m
[32m2024-07-15 19:04:59.722[0m | [38;2;255;0;255mCPU 10.0%[0m | [38;2;255;0;255mMEM 82.2%[0m | [38;2;255;0;255mDISK 93.0%[0m | [34m[1mDEBUG   [0m | [36mmain[0m:[36msetup[0m:[36m159[0m |  - [34m[1mLogger setup complete[0m
[32m2024-07-15 19:04:59.745[0m | [38;2;255;0;255mCPU 8.3% [0m | [38;2;255;0;255mMEM 82.2%[0m | [38;2;255;0;255mDISK 93.0%[0m | [1mINFO    [0m | [36mmain[0m:[36mcapture_news[0m:[36m238[0m |  - [1mWorkitem parameters validated[0m
[32m2024-07-15 19:06:40.419[0m | [38;2;255;0;255mCPU 8.3% [0m | [38;2;255;0;255mMEM 85.0%[0m | [38;2;255;0;255mDISK 93.0%[0m | [34m[1mDEBUG   [0m | [36mmain[0m:[36msetup[0m:[36m159[0m |  - [34m[1mLogger setup complete[0m
[32m2024-07-15 19:06:40.444[0m | [38;2;255;0;255mCPU 23.5%[0m | [38;2;255;0;255mMEM 85.0%[0m | [38;2;255;0;255mDISK 93.0%[0m | [1mINFO    [0m | [36mmain[0m:[36mcapture_news[0m:[36m238[0m |  - [1mWorkitem parameters validated[0m
[32m2024-07-15 19:08:40.495[0m | [38;2;255;0;255mCPU 10.2%[0m | [38;2;255;0;255mMEM 86.4%[0m | [38;2;255;0;255mDISK 93.0%[0m | [34m[1mDEBUG   [0m | [36mmain[0m:[36msetup[0m:[36m159[0m |  - [34m[1mLogger setup complete[0m
[32m2024-07-15 19:08:40.517[0m | [38;2;255;0;255mCPU 8.3% [0m | [38;2;255;0;255mMEM 86.3%[0m | [38;2;255;0;255mDISK 93.0%[0m | [1mINFO    [0m | [36mmain[0m:[36mcapture_news[0m:[36m238[0m |  - [1mWorkitem parameters validated[0m
[32m2024-07-15 20:04:56.482[0m | [38;2;255;0;255mCPU 12.8%[0m | [38;2;255;0;255mMEM 91.3%[0m | [38;2;255;0;255mDISK 93.0%[0m | [34m[1mDEBUG   [0m | [36mmain[0m:[36msetup[0m:[36m158[0m |  - [34m[1mLogger setup complete[0m
[32m2024-07-15 20:04:56.506[0m | [38;2;255;0;255mCPU 0.0% [0m | [38;2;255;0;255mMEM 91.3%[0m | [38;2;255;0;255mDISK 93.0%[0m | [1mINFO    [0m | [36mmain[0m:[36mcapture_news[0m:[36m245[0m |  - [1mWorkitem parameters validated[0m
[32m2024-07-15 20:04:56.523[0m | [38;2;255;0;255mCPU 9.1% [0m | [38;2;255;0;255mMEM 91.3%[0m | [38;2;255;0;255mDISK 93.0%[0m | [34m[1mDEBUG   [0m | [36msrc.utils.news_browser.base[0m:[36m__init__[0m:[36m150[0m |  - [34m[1mCreating browser[0m
[32m2024-07-15 20:05:01.894[0m | [38;2;255;0;255mCPU 10.6%[0m | [38;2;255;0;255mMEM 94.0%[0m | [38;2;255;0;255mDISK 93.0%[0m | [1mINFO    [0m | [36mmain[0m:[36msearch[0m:[36m163[0m |  - [1mSearching for news...[0m
[32m2024-07-15 20:05:05.020[0m | [38;2;255;0;255mCPU 22.6%[0m | [38;2;255;0;255mMEM 97.6%[0m | [38;2;255;0;255mDISK 93.0%[0m | [1mINFO    [0m | [36mmain[0m:[36msearch[0m:[36m170[0m |  - [1mCollecting articles...[0m
[32m2024-07-15 20:05:08.450[0m | [38;2;255;0;255mCPU 18.7%[0m | [38;2;255;0;255mMEM 97.5%[0m | [38;2;255;0;255mDISK 93.0%[0m | [1mINFO    [0m | [36mmain[0m:[36msearch[0m:[36m173[0m |  - [1mNavigating to next page...[0m
[32m2024-07-15 20:05:14.047[0m | [38;2;255;0;255mCPU 19.0%[0m | [38;2;255;0;255mMEM 93.0%[0m | [38;2;255;0;255mDISK 93.0%[0m | [1mINFO    [0m | [36mmain[0m:[36msearch[0m:[36m173[0m |  - [1mNavigating to next page...[0m
[32m2024-07-15 20:05:16.865[0m | [38;2;255;0;255mCPU 15.2%[0m | [38;2;255;0;255mMEM 95.1%[0m | [38;2;255;0;255mDISK 93.0%[0m | [1mINFO    [0m | [36mmain[0m:[36msearch[0m:[36m175[0m |  - [1mFound 17 articles[0m
[32m2024-07-15 20:05:16.989[0m | [38;2;255;0;255mCPU 49.0%[0m | [38;2;255;0;255mMEM 94.2%[0m | [38;2;255;0;255mDISK 93.0%[0m | [1mINFO    [0m | [36mmain[0m:[36msearch[0m:[36m176[0m |  - [1mNews search complete[0m
[32m2024-07-15 20:05:17.005[0m | [38;2;255;0;255mCPU 16.7%[0m | [38;2;255;0;255mMEM 94.2%[0m | [38;2;255;0;255mDISK 93.0%[0m | [1mINFO    [0m | [36mmain[0m:[36msearch[0m:[36m178[0m |  - [1mProcessing articles...[0m
[32m2024-07-15 20:05:17.024[0m | [38;2;255;0;255mCPU 16.7%[0m | [38;2;255;0;255mMEM 94.3%[0m | [38;2;255;0;255mDISK 93.0%[0m | [1mINFO    [0m | [36mmain[0m:[36msearch[0m:[36m189[0m |  - [1mArticles processed[0m
[32m2024-07-15 20:05:59.773[0m | [38;2;255;0;255mCPU 8.1% [0m | [38;2;255;0;255mMEM 75.3%[0m | [38;2;255;0;255mDISK 93.0%[0m | [34m[1mDEBUG   [0m | [36msrc.utils.news_browser.base[0m:[36m__exit__[0m:[36m187[0m |  - [34m[1mQuitting browser[0m
[32m2024-07-15 20:06:23.013[0m | [38;2;255;0;255mCPU 2.6% [0m | [38;2;255;0;255mMEM 78.1%[0m | [38;2;255;0;255mDISK 93.0%[0m | [34m[1mDEBUG   [0m | [36mmain[0m:[36msetup[0m:[36m158[0m |  - [34m[1mLogger setup complete[0m
[32m2024-07-15 20:06:23.035[0m | [38;2;255;0;255mCPU 13.6%[0m | [38;2;255;0;255mMEM 78.1%[0m | [38;2;255;0;255mDISK 93.0%[0m | [1mINFO    [0m | [36mmain[0m:[36mcapture_news[0m:[36m245[0m |  - [1mWorkitem parameters validated[0m
[32m2024-07-15 20:06:23.051[0m | [38;2;255;0;255mCPU 9.1% [0m | [38;2;255;0;255mMEM 78.1%[0m | [38;2;255;0;255mDISK 93.0%[0m | [34m[1mDEBUG   [0m | [36msrc.utils.news_browser.base[0m:[36m__init__[0m:[36m150[0m |  - [34m[1mCreating browser[0m
[32m2024-07-15 20:06:30.859[0m | [38;2;255;0;255mCPU 16.7%[0m | [38;2;255;0;255mMEM 88.7%[0m | [38;2;255;0;255mDISK 93.0%[0m | [1mINFO    [0m | [36mmain[0m:[36msearch[0m:[36m163[0m |  - [1mSearching for news...[0m
[32m2024-07-15 20:08:06.481[0m | [38;2;255;0;255mCPU 11.9%[0m | [38;2;255;0;255mMEM 79.4%[0m | [38;2;255;0;255mDISK 93.0%[0m | [34m[1mDEBUG   [0m | [36mmain[0m:[36msetup[0m:[36m158[0m |  - [34m[1mLogger setup complete[0m
[32m2024-07-15 20:08:06.504[0m | [38;2;255;0;255mCPU 12.5%[0m | [38;2;255;0;255mMEM 79.5%[0m | [38;2;255;0;255mDISK 93.0%[0m | [1mINFO    [0m | [36mmain[0m:[36mcapture_news[0m:[36m245[0m |  - [1mWorkitem parameters validated[0m
[32m2024-07-15 20:08:06.523[0m | [38;2;255;0;255mCPU 7.1% [0m | [38;2;255;0;255mMEM 79.5%[0m | [38;2;255;0;255mDISK 93.0%[0m | [34m[1mDEBUG   [0m | [36msrc.utils.news_browser.base[0m:[36m__init__[0m:[36m150[0m |  - [34m[1mCreating browser[0m
[32m2024-07-15 20:08:11.403[0m | [38;2;255;0;255mCPU 14.1%[0m | [38;2;255;0;255mMEM 84.9%[0m | [38;2;255;0;255mDISK 93.0%[0m | [1mINFO    [0m | [36mmain[0m:[36msearch[0m:[36m163[0m |  - [1mSearching for news...[0m
[32m2024-07-15 20:09:37.593[0m | [38;2;255;0;255mCPU 8.5% [0m | [38;2;255;0;255mMEM 87.1%[0m | [38;2;255;0;255mDISK 93.0%[0m | [34m[1mDEBUG   [0m | [36mmain[0m:[36msetup[0m:[36m161[0m |  - [34m[1mLogger setup complete[0m
[32m2024-07-15 20:09:37.618[0m | [38;2;255;0;255mCPU 15.4%[0m | [38;2;255;0;255mMEM 87.2%[0m | [38;2;255;0;255mDISK 93.0%[0m | [1mINFO    [0m | [36mmain[0m:[36mcapture_news[0m:[36m248[0m |  - [1mWorkitem parameters validated[0m
[32m2024-07-15 20:09:37.637[0m | [38;2;255;0;255mCPU 0.0% [0m | [38;2;255;0;255mMEM 87.1%[0m | [38;2;255;0;255mDISK 93.0%[0m | [34m[1mDEBUG   [0m | [36msrc.utils.news_browser.base[0m:[36m__init__[0m:[36m150[0m |  - [34m[1mCreating browser[0m
[32m2024-07-15 20:09:43.344[0m | [38;2;255;0;255mCPU 14.3%[0m | [38;2;255;0;255mMEM 90.9%[0m | [38;2;255;0;255mDISK 93.0%[0m | [1mINFO    [0m | [36mmain[0m:[36msearch[0m:[36m166[0m |  - [1mSearching for news...[0m
[32m2024-07-15 20:15:27.418[0m | [38;2;255;0;255mCPU 8.5% [0m | [38;2;255;0;255mMEM 79.6%[0m | [38;2;255;0;255mDISK 93.0%[0m | [34m[1mDEBUG   [0m | [36mmain[0m:[36msetup[0m:[36m161[0m |  - [34m[1mLogger setup complete[0m
[32m2024-07-15 20:15:27.439[0m | [38;2;255;0;255mCPU 0.0% [0m | [38;2;255;0;255mMEM 79.6%[0m | [38;2;255;0;255mDISK 93.0%[0m | [1mINFO    [0m | [36mmain[0m:[36mcapture_news[0m:[36m248[0m |  - [1mWorkitem parameters validated[0m
[32m2024-07-15 20:15:27.456[0m | [38;2;255;0;255mCPU 6.7% [0m | [38;2;255;0;255mMEM 79.5%[0m | [38;2;255;0;255mDISK 93.0%[0m | [34m[1mDEBUG   [0m | [36msrc.utils.news_browser.base[0m:[36m__init__[0m:[36m150[0m |  - [34m[1mCreating browser[0m
[32m2024-07-15 20:15:32.161[0m | [38;2;255;0;255mCPU 12.1%[0m | [38;2;255;0;255mMEM 83.3%[0m | [38;2;255;0;255mDISK 93.0%[0m | [1mINFO    [0m | [36mmain[0m:[36msearch[0m:[36m166[0m |  - [1mSearching for news...[0m
[32m2024-07-15 20:15:32.177[0m | [38;2;255;0;255mCPU 10.0%[0m | [38;2;255;0;255mMEM 83.3%[0m | [38;2;255;0;255mDISK 93.0%[0m | [34m[1mDEBUG   [0m | [36msrc.utils.news_browser.base[0m:[36mwrapper[0m:[36m170[0m |  - [34m[1mCalling search with args: (<src.utils.news_browser.models.aljaseera.AljazeeraBrowser object at 0x000001A1FD182A10>, 'covid') and kwargs: {}[0m
[32m2024-07-15 20:15:32.202[0m | [38;2;255;0;255mCPU      [0m | [38;2;255;0;255mMEM      [0m | [38;2;255;0;255mDISK      [0m | [31m[1mERROR   [0m | [36mmain[0m:[36mcapture_news[0m:[36m251[0m |  - [31m[1mAn error has been caught in function 'capture_news', process 'MainProcess' (28976), thread 'MainThread' (26524):[0m
[33m[1mTraceback (most recent call last):[0m

  File "[32mc:\ProgramData\robocorp\ht\82690e2_b1f3c24_09529949\lib\[0m[32m[1mrunpy.py[0m", line [33m196[0m, in [35m_run_module_as_main[0m
    [35m[1mreturn[0m [1m_run_code[0m[1m([0m[1mcode[0m[1m,[0m [1mmain_globals[0m[1m,[0m [36m[1mNone[0m[1m,[0m
    [36m       │         │     └ [0m[36m[1m{'__name__': '__main__', '__doc__': None, '__package__': 'robocorp.tasks', '__loader__': <_frozen_importlib_external.SourceFi...[0m
    [36m       │         └ [0m[36m[1m<code object <module> at 0x000001A1F99DC0E0, file "c:\Users\bianc\.vscode\extensions\ms-python.debugpy-2024.8.0-win32-x64\bun...[0m
    [36m       └ [0m[36m[1m<function _run_code at 0x000001A1F99BFBE0>[0m

  File "[32mc:\ProgramData\robocorp\ht\82690e2_b1f3c24_09529949\lib\[0m[32m[1mrunpy.py[0m", line [33m86[0m, in [35m_run_code[0m
    [1mexec[0m[1m([0m[1mcode[0m[1m,[0m [1mrun_globals[0m[1m)[0m
    [36m     │     └ [0m[36m[1m{'__name__': '__main__', '__doc__': None, '__package__': 'robocorp.tasks', '__loader__': <_frozen_importlib_external.SourceFi...[0m
    [36m     └ [0m[36m[1m<code object <module> at 0x000001A1F99DC0E0, file "c:\Users\bianc\.vscode\extensions\ms-python.debugpy-2024.8.0-win32-x64\bun...[0m

  File "[32mc:\Users\bianc\.vscode\extensions\ms-python.debugpy-2024.8.0-win32-x64\bundled\libs\debugpy\[0m[32m[1m__main__.py[0m", line [33m39[0m, in [35m<module>[0m
    [1mcli[0m[35m[1m.[0m[1mmain[0m[1m([0m[1m)[0m
    [36m│   └ [0m[36m[1m<function main at 0x000001A1FC54D3F0>[0m
    [36m└ [0m[36m[1m<module 'debugpy.server.cli' from 'c:\\Users\\bianc\\.vscode\\extensions\\ms-python.debugpy-2024.8.0-win32-x64\\bundled\\libs...[0m

  File "[32mc:\Users\bianc\.vscode\extensions\ms-python.debugpy-2024.8.0-win32-x64\bundled\libs\debugpy/..\debugpy\server\[0m[32m[1mcli.py[0m", line [33m430[0m, in [35mmain[0m
    [1mrun[0m[1m([0m[1m)[0m
    [36m└ [0m[36m[1m<function run_module at 0x000001A1FC54D240>[0m

  File "[32mc:\Users\bianc\.vscode\extensions\ms-python.debugpy-2024.8.0-win32-x64\bundled\libs\debugpy/..\debugpy\server\[0m[32m[1mcli.py[0m", line [33m317[0m, in [35mrun_module[0m
    [1mrun_module_as_main[0m[1m([0m[1moptions[0m[35m[1m.[0m[1mtarget[0m[1m,[0m [1malter_argv[0m[35m[1m=[0m[36m[1mTrue[0m[1m)[0m
    [36m│                  │       └ [0m[36m[1m'robocorp.tasks'[0m
    [36m│                  └ [0m[36m[1m<debugpy.server.cli.Options object at 0x000001A1FC4D6FE0>[0m
    [36m└ [0m[36m[1m<function _run_module_as_main at 0x000001A1FC1CDEA0>[0m

  File "[32mc:\Users\bianc\.vscode\extensions\ms-python.debugpy-2024.8.0-win32-x64\bundled\libs\debugpy\_vendored\pydevd\_pydevd_bundle\[0m[32m[1mpydevd_runpy.py[0m", line [33m238[0m, in [35m_run_module_as_main[0m
    [35m[1mreturn[0m [1m_run_code[0m[1m([0m[1mcode[0m[1m,[0m [1mmain_globals[0m[1m,[0m [36m[1mNone[0m[1m,[0m
    [36m       │         │     └ [0m[36m[1m{'__name__': '__main__', '__doc__': None, '__package__': 'robocorp.tasks', '__loader__': <_frozen_importlib_external.SourceFi...[0m
    [36m       │         └ [0m[36m[1m<code object <module> at 0x000001A1FC673470, file "c:\ProgramData\robocorp\ht\82690e2_b1f3c24_09529949\lib\site-packages\robo...[0m
    [36m       └ [0m[36m[1m<function _run_code at 0x000001A1FC1CD990>[0m

  File "[32mc:\Users\bianc\.vscode\extensions\ms-python.debugpy-2024.8.0-win32-x64\bundled\libs\debugpy\_vendored\pydevd\_pydevd_bundle\[0m[32m[1mpydevd_runpy.py[0m", line [33m124[0m, in [35m_run_code[0m
    [1mexec[0m[1m([0m[1mcode[0m[1m,[0m [1mrun_globals[0m[1m)[0m
    [36m     │     └ [0m[36m[1m{'__name__': '__main__', '__doc__': None, '__package__': 'robocorp.tasks', '__loader__': <_frozen_importlib_external.SourceFi...[0m
    [36m     └ [0m[36m[1m<code object <module> at 0x000001A1FC673470, file "c:\ProgramData\robocorp\ht\82690e2_b1f3c24_09529949\lib\site-packages\robo...[0m

  File "[32mc:\ProgramData\robocorp\ht\82690e2_b1f3c24_09529949\lib\site-packages\robocorp\tasks\[0m[32m[1m__main__.py[0m", line [33m4[0m, in [35m<module>[0m
    [1mmain[0m[1m([0m[1m)[0m
    [36m└ [0m[36m[1m<function main at 0x000001A1FC64DCF0>[0m

  File "[32mc:\ProgramData\robocorp\ht\82690e2_b1f3c24_09529949\lib\site-packages\robocorp\tasks\[0m[32m[1mcli.py[0m", line [33m78[0m, in [35mmain[0m
    [1mreturncode[0m [35m[1m=[0m [1mdispatcher[0m[35m[1m.[0m[1mprocess_args[0m[1m([0m[1margs[0m[1m)[0m
    [36m             │          │            └ [0m[36m[1m['run', 'c:\\Users\\bianc\\RPAChallenge\\src\\main.py', '-t', 'capture_news'][0m
    [36m             │          └ [0m[36m[1m<function _ArgDispatcher.process_args at 0x000001A1FD0430A0>[0m
    [36m             └ [0m[36m[1m<robocorp.tasks._argdispatch._ArgDispatcher object at 0x000001A1FD029930>[0m

  File "[32mc:\ProgramData\robocorp\ht\82690e2_b1f3c24_09529949\lib\site-packages\robocorp\tasks\[0m[32m[1m_argdispatch.py[0m", line [33m227[0m, in [35mprocess_args[0m
    [35m[1mreturn[0m [1mself[0m[35m[1m.[0m[1m_dispatch[0m[1m([0m[1mparsed[0m[1m)[0m
    [36m       │    │         └ [0m[36m[1mNamespace(command='run', path='c:\\Users\\bianc\\RPAChallenge\\src\\main.py', glob=None, task_name=['capture_news'], output_d...[0m
    [36m       │    └ [0m[36m[1m<function _ArgDispatcher._dispatch at 0x000001A1FD042B90>[0m
    [36m       └ [0m[36m[1m<robocorp.tasks._argdispatch._ArgDispatcher object at 0x000001A1FD029930>[0m

  File "[32mc:\ProgramData\robocorp\ht\82690e2_b1f3c24_09529949\lib\site-packages\robocorp\tasks\[0m[32m[1m_argdispatch.py[0m", line [33m22[0m, in [35m_dispatch[0m
    [35m[1mreturn[0m [1mmethod[0m[1m([0m[35m[1m**[0m[1mdct[0m[1m)[0m
    [36m       │        └ [0m[36m[1m{'path': 'c:\\Users\\bianc\\RPAChallenge\\src\\main.py', 'glob': None, 'task_name': ['capture_news'], 'output_dir': '', 'max_...[0m
    [36m       └ [0m[36m[1m<function run at 0x000001A1FD0431C0>[0m

  File "[32mc:\ProgramData\robocorp\ht\82690e2_b1f3c24_09529949\lib\site-packages\robocorp\tasks\[0m[32m[1m_commands.py[0m", line [33m440[0m, in [35mrun[0m
    [1mresult[0m [35m[1m=[0m [1mtask[0m[35m[1m.[0m[1mrun[0m[1m([0m[35m[1m*[0m[1margs[0m[1m,[0m [35m[1m**[0m[1mkwargs[0m[1m)[0m
    [36m         │    │    │       └ [0m[36m[1m{}[0m
    [36m         │    │    └ [0m[36m[1m[][0m
    [36m         │    └ [0m[36m[1m<function Task.run at 0x000001A1FD0F28C0>[0m
    [36m         └ [0m[36m[1mTask(capture_news, status: NOT_RUN)[0m

  File "[32mc:\ProgramData\robocorp\ht\82690e2_b1f3c24_09529949\lib\site-packages\robocorp\tasks\[0m[32m[1m_task.py[0m", line [33m89[0m, in [35mrun[0m
    [35m[1mreturn[0m [1mself[0m[35m[1m.[0m[1mmethod[0m[1m([0m[35m[1m*[0m[1margs[0m[1m,[0m [35m[1m**[0m[1mkwargs[0m[1m)[0m
    [36m       │    │       │       └ [0m[36m[1m{}[0m
    [36m       │    │       └ [0m[36m[1m()[0m
    [36m       │    └ [0m[36m[1m<function capture_news at 0x000001A1FF975900>[0m
    [36m       └ [0m[36m[1mTask(capture_news, status: NOT_RUN)[0m

> File "[32mc:\Users\bianc\RPAChallenge\src\[0m[32m[1mmain.py[0m", line [33m251[0m, in [35mcapture_news[0m
    [1marticles[0m[1m:[0m [1mset[0m[1m[[0m[1mArticle[0m[1m][0m [35m[1m=[0m [1msearch[0m[1m([0m[1mnews_browser[0m[1m,[0m [35m[1m**[0m[1mworkitem[0m[1m)[0m
    [36m              │          │      │               └ [0m[36m[1m{'search_phrase': 'covid', 'news_section': ['business', 'technology', 'entertainment'], 'number_months': 1}[0m
    [36m              │          │      └ [0m[36m[1m<src.utils.news_browser.models.aljaseera.AljazeeraBrowser object at 0x000001A1FD182A10>[0m
    [36m              │          └ [0m[36m[1m<function search at 0x000001A1FF974D30>[0m
    [36m              └ [0m[36m[1m<class 'src.utils.news_browser.base.Article'>[0m

  File "[32mc:\Users\bianc\RPAChallenge\src\[0m[32m[1mmain.py[0m", line [33m168[0m, in [35msearch[0m
    [35m[1mwith[0m [1mbrowser[0m[35m[1m.[0m[1msearch[0m[1m([0m[1msearch_phrase[0m[1m)[0m [35m[1mas[0m [1mresult_page[0m[1m:[0m
    [36m     │       │      └ [0m[36m[1m'covid'[0m
    [36m     │       └ [0m[36m[1m<function NewsBrowser.log.<locals>.wrapper at 0x000001A1FE6493F0>[0m
    [36m     └ [0m[36m[1m<src.utils.news_browser.models.aljaseera.AljazeeraBrowser object at 0x000001A1FD182A10>[0m

  File "[32mc:\Users\bianc\RPAChallenge\src\utils\news_browser\[0m[32m[1mbase.py[0m", line [33m173[0m, in [35mwrapper[0m
    [1mres[0m [35m[1m=[0m [1mfunc[0m[1m([0m[1mself[0m[1m,[0m [35m[1m*[0m[1margs[0m[1m,[0m [35m[1m**[0m[1mkwargs[0m[1m)[0m
    [36m      │    │      │       └ [0m[36m[1m{}[0m
    [36m      │    │      └ [0m[36m[1m(<src.utils.news_browser.models.aljaseera.AljazeeraBrowser object at 0x000001A1FD182A10>, 'covid')[0m
    [36m      │    └ [0m[36m[1m<src.utils.news_browser.models.aljaseera.AljazeeraBrowser object at 0x000001A1FD182A10>[0m
    [36m      └ [0m[36m[1m<function AljazeeraBrowser.search at 0x000001A1FE649360>[0m

[31m[1mTypeError[0m:[1m AljazeeraBrowser.search() takes 2 positional arguments but 3 were given[0m
[32m2024-07-15 20:15:34.448[0m | [38;2;255;0;255mCPU 9.0% [0m | [38;2;255;0;255mMEM 78.9%[0m | [38;2;255;0;255mDISK 93.0%[0m | [34m[1mDEBUG   [0m | [36msrc.utils.news_browser.base[0m:[36m__exit__[0m:[36m194[0m |  - [34m[1mQuitting browser[0m
[32m2024-07-15 20:16:27.571[0m | [38;2;255;0;255mCPU 20.0%[0m | [38;2;255;0;255mMEM 82.6%[0m | [38;2;255;0;255mDISK 93.0%[0m | [34m[1mDEBUG   [0m | [36mmain[0m:[36msetup[0m:[36m161[0m |  - [34m[1mLogger setup complete[0m
[32m2024-07-15 20:16:27.596[0m | [38;2;255;0;255mCPU 13.0%[0m | [38;2;255;0;255mMEM 82.6%[0m | [38;2;255;0;255mDISK 93.0%[0m | [1mINFO    [0m | [36mmain[0m:[36mcapture_news[0m:[36m248[0m |  - [1mWorkitem parameters validated[0m
[32m2024-07-15 20:16:27.613[0m | [38;2;255;0;255mCPU 18.2%[0m | [38;2;255;0;255mMEM 82.6%[0m | [38;2;255;0;255mDISK 93.0%[0m | [34m[1mDEBUG   [0m | [36msrc.utils.news_browser.base[0m:[36m__init__[0m:[36m150[0m |  - [34m[1mCreating browser[0m
[32m2024-07-15 20:16:32.029[0m | [38;2;255;0;255mCPU 12.6%[0m | [38;2;255;0;255mMEM 86.3%[0m | [38;2;255;0;255mDISK 93.0%[0m | [1mINFO    [0m | [36mmain[0m:[36msearch[0m:[36m166[0m |  - [1mSearching for news...[0m
[32m2024-07-15 20:16:32.045[0m | [38;2;255;0;255mCPU 16.7%[0m | [38;2;255;0;255mMEM 86.3%[0m | [38;2;255;0;255mDISK 93.0%[0m | [34m[1mDEBUG   [0m | [36msrc.utils.news_browser.base[0m:[36mwrapper[0m:[36m170[0m |  - [34m[1mCalling search with args: (<src.utils.news_browser.models.aljaseera.AljazeeraBrowser object at 0x00000185F2240520>, 'covid') and kwargs: {}[0m
[32m2024-07-15 20:16:35.039[0m | [38;2;255;0;255mCPU 14.7%[0m | [38;2;255;0;255mMEM 86.7%[0m | [38;2;255;0;255mDISK 93.0%[0m | [34m[1mDEBUG   [0m | [36msrc.utils.news_browser.base[0m:[36mwrapper[0m:[36m176[0m |  - [34m[1mFinished search in 0:00:02.978737[0m
[32m2024-07-15 20:16:35.062[0m | [38;2;255;0;255mCPU 4.5% [0m | [38;2;255;0;255mMEM 86.7%[0m | [38;2;255;0;255mDISK 93.0%[0m | [1mINFO    [0m | [36mmain[0m:[36msearch[0m:[36m173[0m |  - [1mCollecting articles...[0m
[32m2024-07-15 20:16:38.889[0m | [38;2;255;0;255mCPU 26.1%[0m | [38;2;255;0;255mMEM 92.7%[0m | [38;2;255;0;255mDISK 93.0%[0m | [1mINFO    [0m | [36mmain[0m:[36msearch[0m:[36m176[0m |  - [1mNavigating to next page...[0m
[32m2024-07-15 20:16:43.722[0m | [38;2;255;0;255mCPU 17.1%[0m | [38;2;255;0;255mMEM 93.7%[0m | [38;2;255;0;255mDISK 93.0%[0m | [1mINFO    [0m | [36mmain[0m:[36msearch[0m:[36m176[0m |  - [1mNavigating to next page...[0m
[32m2024-07-15 20:16:46.516[0m | [38;2;255;0;255mCPU 14.1%[0m | [38;2;255;0;255mMEM 93.0%[0m | [38;2;255;0;255mDISK 93.0%[0m | [1mINFO    [0m | [36mmain[0m:[36msearch[0m:[36m178[0m |  - [1mFound 17 articles[0m
[32m2024-07-15 20:16:46.742[0m | [38;2;255;0;255mCPU 63.5%[0m | [38;2;255;0;255mMEM 91.7%[0m | [38;2;255;0;255mDISK 93.0%[0m | [1mINFO    [0m | [36mmain[0m:[36msearch[0m:[36m179[0m |  - [1mNews search complete[0m
[32m2024-07-15 20:16:46.758[0m | [38;2;255;0;255mCPU 0.0% [0m | [38;2;255;0;255mMEM 91.7%[0m | [38;2;255;0;255mDISK 93.0%[0m | [1mINFO    [0m | [36mmain[0m:[36msearch[0m:[36m181[0m |  - [1mProcessing articles...[0m
[32m2024-07-15 20:16:46.774[0m | [38;2;255;0;255mCPU 0.0% [0m | [38;2;255;0;255mMEM 91.7%[0m | [38;2;255;0;255mDISK 93.0%[0m | [1mINFO    [0m | [36mmain[0m:[36msearch[0m:[36m192[0m |  - [1mArticles processed[0m
[32m2024-07-15 20:16:49.005[0m | [38;2;255;0;255mCPU 12.1%[0m | [38;2;255;0;255mMEM 75.4%[0m | [38;2;255;0;255mDISK 93.0%[0m | [34m[1mDEBUG   [0m | [36msrc.utils.news_browser.base[0m:[36m__exit__[0m:[36m194[0m |  - [34m[1mQuitting browser[0m
[32m2024-07-15 20:17:14.595[0m | [38;2;255;0;255mCPU 10.3%[0m | [38;2;255;0;255mMEM 75.6%[0m | [38;2;255;0;255mDISK 93.0%[0m | [34m[1mDEBUG   [0m | [36mmain[0m:[36msetup[0m:[36m161[0m |  - [34m[1mLogger setup complete[0m
[32m2024-07-15 20:17:14.618[0m | [38;2;255;0;255mCPU 23.1%[0m | [38;2;255;0;255mMEM 75.6%[0m | [38;2;255;0;255mDISK 93.0%[0m | [1mINFO    [0m | [36mmain[0m:[36mcapture_news[0m:[36m248[0m |  - [1mWorkitem parameters validated[0m
[32m2024-07-15 20:17:14.634[0m | [38;2;255;0;255mCPU 8.3% [0m | [38;2;255;0;255mMEM 75.6%[0m | [38;2;255;0;255mDISK 93.0%[0m | [34m[1mDEBUG   [0m | [36msrc.utils.news_browser.base[0m:[36m__init__[0m:[36m150[0m |  - [34m[1mCreating browser[0m
[32m2024-07-15 20:17:19.259[0m | [38;2;255;0;255mCPU 11.6%[0m | [38;2;255;0;255mMEM 80.2%[0m | [38;2;255;0;255mDISK 93.0%[0m | [1mINFO    [0m | [36mmain[0m:[36msearch[0m:[36m166[0m |  - [1mSearching for news...[0m
[32m2024-07-15 20:17:19.276[0m | [38;2;255;0;255mCPU 9.1% [0m | [38;2;255;0;255mMEM 80.2%[0m | [38;2;255;0;255mDISK 93.0%[0m | [34m[1mDEBUG   [0m | [36msrc.utils.news_browser.base[0m:[36mwrapper[0m:[36m170[0m |  - [34m[1mCalling search with args: (<src.utils.news_browser.models.aljaseera.AljazeeraBrowser object at 0x00000207FFBDEE30>, 'covid') and kwargs: {}[0m
[32m2024-07-15 20:17:47.438[0m | [38;2;255;0;255mCPU 11.8%[0m | [38;2;255;0;255mMEM 93.1%[0m | [38;2;255;0;255mDISK 93.0%[0m | [34m[1mDEBUG   [0m | [36msrc.utils.news_browser.base[0m:[36mwrapper[0m:[36m176[0m |  - [34m[1mFinished search in 0:00:23.935105[0m
[32m2024-07-15 20:20:53.662[0m | [38;2;255;0;255mCPU 12.2%[0m | [38;2;255;0;255mMEM 83.3%[0m | [38;2;255;0;255mDISK 93.0%[0m | [34m[1mDEBUG   [0m | [36mmain[0m:[36msetup_logger[0m:[36m150[0m |  - [34m[1mLogger setup complete[0m
[32m2024-07-15 20:21:44.667[0m | [38;2;255;0;255mCPU 6.1% [0m | [38;2;255;0;255mMEM 83.9%[0m | [38;2;255;0;255mDISK 93.0%[0m | [34m[1mDEBUG   [0m | [36mmain[0m:[36msetup_logger[0m:[36m151[0m |  - [34m[1mLogger setup complete[0m
[32m2024-07-15 20:22:07.672[0m | [38;2;255;0;255mCPU 7.6% [0m | [38;2;255;0;255mMEM 83.4%[0m | [38;2;255;0;255mDISK 93.0%[0m | [34m[1mDEBUG   [0m | [36mmain[0m:[36msetup[0m:[36m163[0m |  - [34m[1mLogger setup complete[0m
[32m2024-07-15 20:22:07.698[0m | [38;2;255;0;255mCPU 8.3% [0m | [38;2;255;0;255mMEM 83.4%[0m | [38;2;255;0;255mDISK 93.0%[0m | [1mINFO    [0m | [36mmain[0m:[36mcapture_news[0m:[36m250[0m |  - [1mWorkitem parameters validated[0m
[32m2024-07-15 20:22:07.716[0m | [38;2;255;0;255mCPU 16.7%[0m | [38;2;255;0;255mMEM 83.4%[0m | [38;2;255;0;255mDISK 93.0%[0m | [34m[1mDEBUG   [0m | [36msrc.utils.news_browser.base[0m:[36m__init__[0m:[36m150[0m |  - [34m[1mCreating browser[0m
[32m2024-07-15 20:22:12.816[0m | [38;2;255;0;255mCPU 14.7%[0m | [38;2;255;0;255mMEM 88.4%[0m | [38;2;255;0;255mDISK 93.1%[0m | [1mINFO    [0m | [36mmain[0m:[36msearch[0m:[36m168[0m |  - [1mSearching for news...[0m
[32m2024-07-15 20:22:12.832[0m | [38;2;255;0;255mCPU 20.0%[0m | [38;2;255;0;255mMEM 88.4%[0m | [38;2;255;0;255mDISK 93.1%[0m | [34m[1mDEBUG   [0m | [36msrc.utils.news_browser.base[0m:[36mwrapper[0m:[36m170[0m |  - [34m[1mCalling search with args: (<src.utils.news_browser.models.aljaseera.AljazeeraBrowser object at 0x000001E9504B6080>, 'covid') and kwargs: {}[0m
[32m2024-07-15 20:25:13.998[0m | [38;2;255;0;255mCPU 9.1% [0m | [38;2;255;0;255mMEM 82.0%[0m | [38;2;255;0;255mDISK 93.1%[0m | [34m[1mDEBUG   [0m | [36mmain[0m:[36msetup[0m:[36m162[0m |  - [34m[1mLogger setup complete[0m
[32m2024-07-15 20:25:14.024[0m | [38;2;255;0;255mCPU 6.7% [0m | [38;2;255;0;255mMEM 81.9%[0m | [38;2;255;0;255mDISK 93.1%[0m | [1mINFO    [0m | [36mmain[0m:[36mcapture_news[0m:[36m249[0m |  - [1mWorkitem parameters validated[0m
[32m2024-07-15 20:25:14.042[0m | [38;2;255;0;255mCPU 8.3% [0m | [38;2;255;0;255mMEM 81.9%[0m | [38;2;255;0;255mDISK 93.1%[0m | [34m[1mDEBUG   [0m | [36msrc.utils.news_browser.base[0m:[36m__init__[0m:[36m150[0m |  - [34m[1mCreating browser[0m
[32m2024-07-15 20:25:18.793[0m | [38;2;255;0;255mCPU 10.9%[0m | [38;2;255;0;255mMEM 87.3%[0m | [38;2;255;0;255mDISK 93.1%[0m | [1mINFO    [0m | [36mmain[0m:[36msearch[0m:[36m167[0m |  - [1mSearching for news...[0m
[32m2024-07-15 20:25:18.809[0m | [38;2;255;0;255mCPU 16.7%[0m | [38;2;255;0;255mMEM 87.3%[0m | [38;2;255;0;255mDISK 93.1%[0m | [34m[1mDEBUG   [0m | [36msrc.utils.news_browser.base[0m:[36mwrapper[0m:[36m170[0m |  - [34m[1mCalling search with args: (<AljazeeraBrowser>, 'covid') and kwargs: {}[0m
[32m2024-07-15 20:25:22.169[0m | [38;2;255;0;255mCPU 25.8%[0m | [38;2;255;0;255mMEM 93.4%[0m | [38;2;255;0;255mDISK 93.1%[0m | [34m[1mDEBUG   [0m | [36msrc.utils.news_browser.base[0m:[36mwrapper[0m:[36m176[0m |  - [34m[1mFinished search in 0:00:03.342627[0m
[32m2024-07-15 20:25:22.213[0m | [38;2;255;0;255mCPU 73.3%[0m | [38;2;255;0;255mMEM 93.4%[0m | [38;2;255;0;255mDISK 93.1%[0m | [1mINFO    [0m | [36mmain[0m:[36msearch[0m:[36m174[0m |  - [1mCollecting articles...[0m
[32m2024-07-15 20:25:26.582[0m | [38;2;255;0;255mCPU 37.1%[0m | [38;2;255;0;255mMEM 94.5%[0m | [38;2;255;0;255mDISK 93.1%[0m | [1mINFO    [0m | [36mmain[0m:[36msearch[0m:[36m177[0m |  - [1mNavigating to next page...[0m
[32m2024-07-15 20:25:30.681[0m | [38;2;255;0;255mCPU 9.3% [0m | [38;2;255;0;255mMEM 91.5%[0m | [38;2;255;0;255mDISK 93.1%[0m | [1mINFO    [0m | [36mmain[0m:[36msearch[0m:[36m177[0m |  - [1mNavigating to next page...[0m
[32m2024-07-15 20:25:33.464[0m | [38;2;255;0;255mCPU 9.4% [0m | [38;2;255;0;255mMEM 91.5%[0m | [38;2;255;0;255mDISK 93.1%[0m | [1mINFO    [0m | [36mmain[0m:[36msearch[0m:[36m179[0m |  - [1mFound 17 articles[0m
[32m2024-07-15 20:25:33.678[0m | [38;2;255;0;255mCPU 46.2%[0m | [38;2;255;0;255mMEM 90.8%[0m | [38;2;255;0;255mDISK 93.1%[0m | [1mINFO    [0m | [36mmain[0m:[36msearch[0m:[36m180[0m |  - [1mNews search complete[0m
[32m2024-07-15 20:25:33.693[0m | [38;2;255;0;255mCPU 16.7%[0m | [38;2;255;0;255mMEM 90.8%[0m | [38;2;255;0;255mDISK 93.1%[0m | [1mINFO    [0m | [36mmain[0m:[36msearch[0m:[36m182[0m |  - [1mProcessing articles...[0m
[32m2024-07-15 20:25:33.725[0m | [38;2;255;0;255mCPU 8.0% [0m | [38;2;255;0;255mMEM 90.8%[0m | [38;2;255;0;255mDISK 93.1%[0m | [1mINFO    [0m | [36mmain[0m:[36msearch[0m:[36m193[0m |  - [1mArticles processed[0m
[32m2024-07-15 20:25:35.972[0m | [38;2;255;0;255mCPU 10.3%[0m | [38;2;255;0;255mMEM 76.2%[0m | [38;2;255;0;255mDISK 93.1%[0m | [34m[1mDEBUG   [0m | [36msrc.utils.news_browser.base[0m:[36m__exit__[0m:[36m194[0m |  - [34m[1mQuitting browser[0m
[32m2024-07-15 20:29:33.599[0m | [38;2;255;0;255mCPU 8.7% [0m | [38;2;255;0;255mMEM 79.3%[0m | [38;2;255;0;255mDISK 93.1%[0m | [34m[1mDEBUG   [0m | [36mmain[0m:[36msetup[0m:[36m160[0m |  - [34m[1mLogger setup complete[0m
[32m2024-07-15 20:29:33.625[0m | [38;2;255;0;255mCPU 8.3% [0m | [38;2;255;0;255mMEM 79.3%[0m | [38;2;255;0;255mDISK 93.1%[0m | [1mINFO    [0m | [36mmain[0m:[36mcapture_news[0m:[36m247[0m |  - [1mWorkitem parameters validated[0m
[32m2024-07-15 20:29:33.643[0m | [38;2;255;0;255mCPU 5.9% [0m | [38;2;255;0;255mMEM 79.3%[0m | [38;2;255;0;255mDISK 93.1%[0m | [34m[1mDEBUG   [0m | [36msrc.utils.news_browser.base[0m:[36m__init__[0m:[36m150[0m |  - [34m[1mCreating browser[0m
[32m2024-07-15 20:29:38.296[0m | [38;2;255;0;255mCPU 11.3%[0m | [38;2;255;0;255mMEM 83.8%[0m | [38;2;255;0;255mDISK 93.1%[0m | [1mINFO    [0m | [36mmain[0m:[36msearch[0m:[36m165[0m |  - [1mSearching for news...[0m
[32m2024-07-15 20:29:38.311[0m | [38;2;255;0;255mCPU 10.0%[0m | [38;2;255;0;255mMEM 83.8%[0m | [38;2;255;0;255mDISK 93.1%[0m | [34m[1mDEBUG   [0m | [36msrc.utils.news_browser.base[0m:[36mwrapper[0m:[36m170[0m |  - [34m[1mCalling search with args: ('covid',) [0m
[32m2024-07-15 20:29:41.857[0m | [38;2;255;0;255mCPU 20.8%[0m | [38;2;255;0;255mMEM 90.1%[0m | [38;2;255;0;255mDISK 93.1%[0m | [34m[1mDEBUG   [0m | [36msrc.utils.news_browser.base[0m:[36mwrapper[0m:[36m176[0m |  - [34m[1mFinished 'search' in 0:00:03.530181[0m
[32m2024-07-15 20:29:41.940[0m | [38;2;255;0;255mCPU 38.2%[0m | [38;2;255;0;255mMEM 90.8%[0m | [38;2;255;0;255mDISK 93.1%[0m | [1mINFO    [0m | [36mmain[0m:[36msearch[0m:[36m172[0m |  - [1mCollecting articles...[0m
[32m2024-07-15 20:29:44.948[0m | [38;2;255;0;255mCPU 18.5%[0m | [38;2;255;0;255mMEM 91.7%[0m | [38;2;255;0;255mDISK 93.1%[0m | [1mINFO    [0m | [36mmain[0m:[36msearch[0m:[36m175[0m |  - [1mNavigating to next page...[0m
[32m2024-07-15 20:29:49.160[0m | [38;2;255;0;255mCPU 22.8%[0m | [38;2;255;0;255mMEM 92.8%[0m | [38;2;255;0;255mDISK 93.1%[0m | [1mINFO    [0m | [36mmain[0m:[36msearch[0m:[36m175[0m |  - [1mNavigating to next page...[0m
[32m2024-07-15 20:29:51.909[0m | [38;2;255;0;255mCPU 8.4% [0m | [38;2;255;0;255mMEM 92.9%[0m | [38;2;255;0;255mDISK 93.1%[0m | [1mINFO    [0m | [36mmain[0m:[36msearch[0m:[36m177[0m |  - [1mFound 17 articles[0m
[32m2024-07-15 20:29:52.165[0m | [38;2;255;0;255mCPU 77.8%[0m | [38;2;255;0;255mMEM 90.4%[0m | [38;2;255;0;255mDISK 93.1%[0m | [1mINFO    [0m | [36mmain[0m:[36msearch[0m:[36m178[0m |  - [1mNews search complete[0m
[32m2024-07-15 20:29:52.180[0m | [38;2;255;0;255mCPU 16.7%[0m | [38;2;255;0;255mMEM 90.4%[0m | [38;2;255;0;255mDISK 93.1%[0m | [1mINFO    [0m | [36mmain[0m:[36msearch[0m:[36m180[0m |  - [1mProcessing articles...[0m
[32m2024-07-15 20:29:52.199[0m | [38;2;255;0;255mCPU 0.0% [0m | [38;2;255;0;255mMEM 90.4%[0m | [38;2;255;0;255mDISK 93.1%[0m | [1mINFO    [0m | [36mmain[0m:[36msearch[0m:[36m191[0m |  - [1mArticles processed[0m
[32m2024-07-15 20:29:54.450[0m | [38;2;255;0;255mCPU 11.5%[0m | [38;2;255;0;255mMEM 79.2%[0m | [38;2;255;0;255mDISK 93.1%[0m | [34m[1mDEBUG   [0m | [36msrc.utils.news_browser.base[0m:[36m__exit__[0m:[36m194[0m |  - [34m[1mQuitting browser[0m
[32m2024-07-15 20:34:28.104[0m | [38;2;255;0;255mCPU 6.2% [0m | [38;2;255;0;255mMEM 91.5%[0m | [38;2;255;0;255mDISK 93.1%[0m | [34m[1mDEBUG   [0m | [36mmain[0m:[36msetup[0m:[36m160[0m |  - [34m[1mLogger setup complete[0m
[32m2024-07-15 20:34:28.130[0m | [38;2;255;0;255mCPU 4.3% [0m | [38;2;255;0;255mMEM 91.5%[0m | [38;2;255;0;255mDISK 93.1%[0m | [1mINFO    [0m | [36mmain[0m:[36mcapture_news[0m:[36m247[0m |  - [1mWorkitem parameters validated[0m
[32m2024-07-15 20:34:28.147[0m | [38;2;255;0;255mCPU 8.3% [0m | [38;2;255;0;255mMEM 91.5%[0m | [38;2;255;0;255mDISK 93.1%[0m | [34m[1mDEBUG   [0m | [36msrc.utils.news_browser.base[0m:[36m__init__[0m:[36m150[0m |  - [34m[1mCreating browser[0m
[32m2024-07-15 20:34:33.469[0m | [38;2;255;0;255mCPU 11.1%[0m | [38;2;255;0;255mMEM 94.1%[0m | [38;2;255;0;255mDISK 93.1%[0m | [1mINFO    [0m | [36mmain[0m:[36msearch[0m:[36m165[0m |  - [1mSearching for news...[0m
[32m2024-07-15 20:34:33.487[0m | [38;2;255;0;255mCPU 15.4%[0m | [38;2;255;0;255mMEM 94.1%[0m | [38;2;255;0;255mDISK 93.1%[0m | [34m[1mDEBUG   [0m | [36msrc.utils.news_browser.base[0m:[36mwrapper[0m:[36m170[0m |  - [34m[1mCalling search with args: ('covid',) [0m
[32m2024-07-15 20:34:36.355[0m | [38;2;255;0;255mCPU 22.7%[0m | [38;2;255;0;255mMEM 96.3%[0m | [38;2;255;0;255mDISK 93.1%[0m | [34m[1mDEBUG   [0m | [36msrc.utils.news_browser.base[0m:[36mwrapper[0m:[36m177[0m |  - [34m[1mFinished 'search' in 0:00:02.851482[0m
[32m2024-07-15 20:34:36.384[0m | [38;2;255;0;255mCPU 8.0% [0m | [38;2;255;0;255mMEM 96.3%[0m | [38;2;255;0;255mDISK 93.1%[0m | [1mINFO    [0m | [36mmain[0m:[36msearch[0m:[36m172[0m |  - [1mCollecting articles...[0m
[32m2024-07-15 20:34:40.181[0m | [38;2;255;0;255mCPU 33.1%[0m | [38;2;255;0;255mMEM 99.7%[0m | [38;2;255;0;255mDISK 93.1%[0m | [1mINFO    [0m | [36mmain[0m:[36msearch[0m:[36m175[0m |  - [1mNavigating to next page...[0m
[32m2024-07-15 20:34:44.362[0m | [38;2;255;0;255mCPU 11.3%[0m | [38;2;255;0;255mMEM 97.6%[0m | [38;2;255;0;255mDISK 93.1%[0m | [1mINFO    [0m | [36mmain[0m:[36msearch[0m:[36m175[0m |  - [1mNavigating to next page...[0m
[32m2024-07-15 20:34:47.074[0m | [38;2;255;0;255mCPU 13.1%[0m | [38;2;255;0;255mMEM 97.5%[0m | [38;2;255;0;255mDISK 93.1%[0m | [1mINFO    [0m | [36mmain[0m:[36msearch[0m:[36m177[0m |  - [1mFound 17 articles[0m
[32m2024-07-15 20:34:47.260[0m | [38;2;255;0;255mCPU 62.7%[0m | [38;2;255;0;255mMEM 95.2%[0m | [38;2;255;0;255mDISK 93.1%[0m | [1mINFO    [0m | [36mmain[0m:[36msearch[0m:[36m178[0m |  - [1mNews search complete[0m
[32m2024-07-15 20:34:47.276[0m | [38;2;255;0;255mCPU 0.0% [0m | [38;2;255;0;255mMEM 95.2%[0m | [38;2;255;0;255mDISK 93.1%[0m | [1mINFO    [0m | [36mmain[0m:[36msearch[0m:[36m180[0m |  - [1mProcessing articles...[0m
[32m2024-07-15 20:34:47.292[0m | [38;2;255;0;255mCPU 8.3% [0m | [38;2;255;0;255mMEM 95.2%[0m | [38;2;255;0;255mDISK 93.1%[0m | [1mINFO    [0m | [36mmain[0m:[36msearch[0m:[36m191[0m |  - [1mArticles processed[0m
[32m2024-07-15 20:34:49.587[0m | [38;2;255;0;255mCPU 10.6%[0m | [38;2;255;0;255mMEM 79.7%[0m | [38;2;255;0;255mDISK 93.1%[0m | [34m[1mDEBUG   [0m | [36msrc.utils.news_browser.base[0m:[36m__exit__[0m:[36m195[0m |  - [34m[1mQuitting browser[0m
[32m2024-07-15 20:37:25.982[0m | [38;2;255;0;255mCPU 7.7% [0m | [38;2;255;0;255mMEM 83.1%[0m | [38;2;255;0;255mDISK 93.1%[0m | [34m[1mDEBUG   [0m | [36mmain[0m:[36msetup[0m:[36m160[0m |  - [34m[1mLogger setup complete[0m
[32m2024-07-15 20:44:00.980[0m | [38;2;255;0;255mCPU 8.3% [0m | [38;2;255;0;255mMEM 90.5%[0m | [38;2;255;0;255mDISK 93.1%[0m | [34m[1mDEBUG   [0m | [36mmain[0m:[36msetup[0m:[36m160[0m |  - [34m[1mLogger setup complete[0m
[32m2024-07-15 20:44:00.995[0m | [38;2;255;0;255mCPU 0.0% [0m | [38;2;255;0;255mMEM 90.5%[0m | [38;2;255;0;255mDISK 93.1%[0m | [1mINFO    [0m | [36mmain[0m:[36mcapture_news[0m:[36m245[0m |  - [1mWorkitem parameters validated[0m
[32m2024-07-15 20:44:01.008[0m | [38;2;255;0;255mCPU 0.0% [0m | [38;2;255;0;255mMEM 90.5%[0m | [38;2;255;0;255mDISK 93.1%[0m | [34m[1mDEBUG   [0m | [36msrc.utils.news_browser.base[0m:[36m__init__[0m:[36m150[0m |  - [34m[1mCreating browser[0m
[32m2024-07-15 20:44:07.024[0m | [38;2;255;0;255mCPU 10.1%[0m | [38;2;255;0;255mMEM 94.5%[0m | [38;2;255;0;255mDISK 93.1%[0m | [1mINFO    [0m | [36mmain[0m:[36msearch[0m:[36m165[0m |  - [1mSearching for news...[0m
[32m2024-07-15 20:44:07.037[0m | [38;2;255;0;255mCPU 0.0% [0m | [38;2;255;0;255mMEM 94.4%[0m | [38;2;255;0;255mDISK 93.1%[0m | [34m[1mDEBUG   [0m | [36msrc.utils.news_browser.base[0m:[36mwrapper[0m:[36m170[0m |  - [34m[1mCalling search with args: ('covid',) [0m
[32m2024-07-15 20:44:10.774[0m | [38;2;255;0;255mCPU 15.0%[0m | [38;2;255;0;255mMEM 94.2%[0m | [38;2;255;0;255mDISK 93.1%[0m | [34m[1mDEBUG   [0m | [36msrc.utils.news_browser.base[0m:[36mwrapper[0m:[36m177[0m |  - [34m[1mFinished 'search' in 0:00:03.724593[0m
[32m2024-07-15 20:44:10.792[0m | [38;2;255;0;255mCPU 14.3%[0m | [38;2;255;0;255mMEM 94.2%[0m | [38;2;255;0;255mDISK 93.1%[0m | [1mINFO    [0m | [36mmain[0m:[36msearch[0m:[36m172[0m |  - [1mCollecting articles...[0m
[32m2024-07-15 20:44:13.418[0m | [38;2;255;0;255mCPU 16.4%[0m | [38;2;255;0;255mMEM 96.5%[0m | [38;2;255;0;255mDISK 93.1%[0m | [1mINFO    [0m | [36mmain[0m:[36msearch[0m:[36m175[0m |  - [1mNavigating to next page...[0m
[32m2024-07-15 20:44:20.368[0m | [38;2;255;0;255mCPU 32.3%[0m | [38;2;255;0;255mMEM 92.4%[0m | [38;2;255;0;255mDISK 93.1%[0m | [1mINFO    [0m | [36mmain[0m:[36msearch[0m:[36m175[0m |  - [1mNavigating to next page...[0m
[32m2024-07-15 20:44:22.518[0m | [38;2;255;0;255mCPU 8.4% [0m | [38;2;255;0;255mMEM 92.8%[0m | [38;2;255;0;255mDISK 93.1%[0m | [1mINFO    [0m | [36mmain[0m:[36msearch[0m:[36m177[0m |  - [1mFound 17 articles[0m
[32m2024-07-15 20:44:22.708[0m | [38;2;255;0;255mCPU 54.5%[0m | [38;2;255;0;255mMEM 92.9%[0m | [38;2;255;0;255mDISK 93.1%[0m | [1mINFO    [0m | [36mmain[0m:[36msearch[0m:[36m178[0m |  - [1mNews search complete[0m
[32m2024-07-15 20:44:24.967[0m | [38;2;255;0;255mCPU 12.7%[0m | [38;2;255;0;255mMEM 81.7%[0m | [38;2;255;0;255mDISK 93.1%[0m | [34m[1mDEBUG   [0m | [36msrc.utils.news_browser.base[0m:[36m__exit__[0m:[36m195[0m |  - [34m[1mQuitting browser[0m
[32m2024-07-15 20:45:10.292[0m | [38;2;255;0;255mCPU 25.4%[0m | [38;2;255;0;255mMEM 81.0%[0m | [38;2;255;0;255mDISK 93.1%[0m | [34m[1mDEBUG   [0m | [36mmain[0m:[36msetup[0m:[36m160[0m |  - [34m[1mLogger setup complete[0m
[32m2024-07-15 20:50:32.375[0m | [38;2;255;0;255mCPU 5.1% [0m | [38;2;255;0;255mMEM 91.1%[0m | [38;2;255;0;255mDISK 93.1%[0m | [34m[1mDEBUG   [0m | [36mmain[0m:[36msetup[0m:[36m160[0m |  - [34m[1mLogger setup complete[0m
[32m2024-07-15 21:59:10.943[0m | [38;2;255;0;255mCPU 10.2%[0m | [38;2;255;0;255mMEM 90.6%[0m | [38;2;255;0;255mDISK 93.2%[0m | [34m[1mDEBUG   [0m | [36mmain[0m:[36msetup[0m:[36m161[0m |  - [34m[1mLogger setup complete[0m
[32m2024-07-15 23:22:35.682[0m | [38;2;255;0;255mCPU 2.0% [0m | [38;2;255;0;255mMEM 90.8%[0m | [38;2;255;0;255mDISK 93.3%[0m | [34m[1mDEBUG   [0m | [36mmain[0m:[36msetup[0m:[36m161[0m |  - [34m[1mLogger setup complete[0m
[32m2024-07-16 00:19:54.691[0m | [38;2;255;0;255mCPU 7.6% [0m | [38;2;255;0;255mMEM 92.4%[0m | [38;2;255;0;255mDISK 93.4%[0m | [1mINFO    [0m | [36mmain[0m:[36mcapture_news[0m:[36m249[0m |  - [1mWorkitem parameters validated[0m
[32m2024-07-16 00:20:04.243[0m | [38;2;255;0;255mCPU 11.0%[0m | [38;2;255;0;255mMEM 92.8%[0m | [38;2;255;0;255mDISK 93.4%[0m | [34m[1mDEBUG   [0m | [36msrc.utils.news_browser.base[0m:[36m__init__[0m:[36m150[0m |  - [34m[1mCreating browser[0m
[32m2024-07-16 00:20:18.211[0m | [38;2;255;0;255mCPU 9.6% [0m | [38;2;255;0;255mMEM 87.9%[0m | [38;2;255;0;255mDISK 93.4%[0m | [34m[1mDEBUG   [0m | [36msrc.utils.news_browser.base[0m:[36m__exit__[0m:[36m195[0m |  - [34m[1mQuitting browser[0m
