[32m2024-06-24 00:00:28.974[0m | [38;2;255;0;255mCPU 8.1%[0m | [38;2;255;0;255mMEM 77.3%[0m | [38;2;255;0;255mDISK 83.6%[0m | [1mINFO    [0m | [36mmain[0m:[36mchallenge[0m:[36m153[0m |  - [1mWorkitem: {'search_phrase': 'covid', 'news_section': ['business', 'technology', 'entertainment'], 'number_months': 1}[0m
[32m2024-06-24 00:00:28.986[0m | [38;2;255;0;255mCPU 0.0%[0m | [38;2;255;0;255mMEM 77.3%[0m | [38;2;255;0;255mDISK 83.6%[0m | [1mINFO    [0m | [36mmain[0m:[36mchallenge[0m:[36m155[0m |  - [1mStarting the challenge...[0m
[32m2024-06-24 00:00:28.999[0m | [38;2;255;0;255mCPU 25.0%[0m | [38;2;255;0;255mMEM 77.3%[0m | [38;2;255;0;255mDISK 83.6%[0m | [34m[1mDEBUG   [0m | [36msrc.utils.news_browser[0m:[36m__init__[0m:[36m58[0m |  - [34m[1mCreating browser[0m
[32m2024-06-24 00:00:36.662[0m | [38;2;255;0;255mCPU 4.3%[0m | [38;2;255;0;255mMEM 80.3%[0m | [38;2;255;0;255mDISK 83.6%[0m | [1mINFO    [0m | [36mmain[0m:[36msearch[0m:[36m142[0m |  - [1mNavigating to the site...[0m
[32m2024-06-24 00:00:53.266[0m | [38;2;255;0;255mCPU     [0m | [38;2;255;0;255mMEM     [0m | [38;2;255;0;255mDISK     [0m | [31m[1mERROR   [0m | [36mmain[0m:[36mchallenge[0m:[36m159[0m |  - [31m[1mAn error has been caught in function 'challenge', process 'MainProcess' (18656), thread 'MainThread' (26612):[0m
[33m[1mTraceback (most recent call last):[0m

  File "[32mc:\ProgramData\robocorp\ht\82690e2_b1f3c24_09529949\lib\[0m[32m[1mrunpy.py[0m", line [33m196[0m, in [35m_run_module_as_main[0m
    [35m[1mreturn[0m [1m_run_code[0m[1m([0m[1mcode[0m[1m,[0m [1mmain_globals[0m[1m,[0m [36m[1mNone[0m[1m,[0m
    [36m       │         │     └ [0m[36m[1m{'__name__': '__main__', '__doc__': None, '__package__': 'robocorp.tasks', '__loader__': <_frozen_importlib_external.SourceFi...[0m
    [36m       │         └ [0m[36m[1m<code object <module> at 0x000002726AE0C0E0, file "c:\Users\bianc\.vscode\extensions\ms-python.debugpy-2024.6.0-win32-x64\bun...[0m
    [36m       └ [0m[36m[1m<function _run_code at 0x000002726ADEFBE0>[0m

  File "[32mc:\ProgramData\robocorp\ht\82690e2_b1f3c24_09529949\lib\[0m[32m[1mrunpy.py[0m", line [33m86[0m, in [35m_run_code[0m
    [1mexec[0m[1m([0m[1mcode[0m[1m,[0m [1mrun_globals[0m[1m)[0m
    [36m     │     └ [0m[36m[1m{'__name__': '__main__', '__doc__': None, '__package__': 'robocorp.tasks', '__loader__': <_frozen_importlib_external.SourceFi...[0m
    [36m     └ [0m[36m[1m<code object <module> at 0x000002726AE0C0E0, file "c:\Users\bianc\.vscode\extensions\ms-python.debugpy-2024.6.0-win32-x64\bun...[0m

  File "[32mc:\Users\bianc\.vscode\extensions\ms-python.debugpy-2024.6.0-win32-x64\bundled\libs\debugpy\[0m[32m[1m__main__.py[0m", line [33m39[0m, in [35m<module>[0m
    [1mcli[0m[35m[1m.[0m[1mmain[0m[1m([0m[1m)[0m
    [36m│   └ [0m[36m[1m<function main at 0x000002726D95D3F0>[0m
    [36m└ [0m[36m[1m<module 'debugpy.server.cli' from 'c:\\Users\\bianc\\.vscode\\extensions\\ms-python.debugpy-2024.6.0-win32-x64\\bundled\\libs...[0m

  File "[32mc:\Users\bianc\.vscode\extensions\ms-python.debugpy-2024.6.0-win32-x64\bundled\libs\debugpy/..\debugpy\server\[0m[32m[1mcli.py[0m", line [33m430[0m, in [35mmain[0m
    [1mrun[0m[1m([0m[1m)[0m
    [36m└ [0m[36m[1m<function run_module at 0x000002726D95D240>[0m

  File "[32mc:\Users\bianc\.vscode\extensions\ms-python.debugpy-2024.6.0-win32-x64\bundled\libs\debugpy/..\debugpy\server\[0m[32m[1mcli.py[0m", line [33m317[0m, in [35mrun_module[0m
    [1mrun_module_as_main[0m[1m([0m[1moptions[0m[35m[1m.[0m[1mtarget[0m[1m,[0m [1malter_argv[0m[35m[1m=[0m[36m[1mTrue[0m[1m)[0m
    [36m│                  │       └ [0m[36m[1m'robocorp.tasks'[0m
    [36m│                  └ [0m[36m[1m<debugpy.server.cli.Options object at 0x000002726D8E6FE0>[0m
    [36m└ [0m[36m[1m<function _run_module_as_main at 0x000002726D5DDEA0>[0m

  File "[32mc:\Users\bianc\.vscode\extensions\ms-python.debugpy-2024.6.0-win32-x64\bundled\libs\debugpy\_vendored\pydevd\_pydevd_bundle\[0m[32m[1mpydevd_runpy.py[0m", line [33m238[0m, in [35m_run_module_as_main[0m
    [35m[1mreturn[0m [1m_run_code[0m[1m([0m[1mcode[0m[1m,[0m [1mmain_globals[0m[1m,[0m [36m[1mNone[0m[1m,[0m
    [36m       │         │     └ [0m[36m[1m{'__name__': '__main__', '__doc__': None, '__package__': 'robocorp.tasks', '__loader__': <_frozen_importlib_external.SourceFi...[0m
    [36m       │         └ [0m[36m[1m<code object <module> at 0x000002726DA83730, file "c:\ProgramData\robocorp\ht\82690e2_b1f3c24_09529949\lib\site-packages\robo...[0m
    [36m       └ [0m[36m[1m<function _run_code at 0x000002726D5DD990>[0m

  File "[32mc:\Users\bianc\.vscode\extensions\ms-python.debugpy-2024.6.0-win32-x64\bundled\libs\debugpy\_vendored\pydevd\_pydevd_bundle\[0m[32m[1mpydevd_runpy.py[0m", line [33m124[0m, in [35m_run_code[0m
    [1mexec[0m[1m([0m[1mcode[0m[1m,[0m [1mrun_globals[0m[1m)[0m
    [36m     │     └ [0m[36m[1m{'__name__': '__main__', '__doc__': None, '__package__': 'robocorp.tasks', '__loader__': <_frozen_importlib_external.SourceFi...[0m
    [36m     └ [0m[36m[1m<code object <module> at 0x000002726DA83730, file "c:\ProgramData\robocorp\ht\82690e2_b1f3c24_09529949\lib\site-packages\robo...[0m

  File "[32mc:\ProgramData\robocorp\ht\82690e2_b1f3c24_09529949\lib\site-packages\robocorp\tasks\[0m[32m[1m__main__.py[0m", line [33m4[0m, in [35m<module>[0m
    [1mmain[0m[1m([0m[1m)[0m
    [36m└ [0m[36m[1m<function main at 0x000002726DA59CF0>[0m

  File "[32mc:\ProgramData\robocorp\ht\82690e2_b1f3c24_09529949\lib\site-packages\robocorp\tasks\[0m[32m[1mcli.py[0m", line [33m78[0m, in [35mmain[0m
    [1mreturncode[0m [35m[1m=[0m [1mdispatcher[0m[35m[1m.[0m[1mprocess_args[0m[1m([0m[1margs[0m[1m)[0m
    [36m             │          │            └ [0m[36m[1m['run', 'c:\\Users\\bianc\\RPAChallenge\\src\\main.py', '-t', 'challenge'][0m
    [36m             │          └ [0m[36m[1m<function _ArgDispatcher.process_args at 0x000002726E4530A0>[0m
    [36m             └ [0m[36m[1m<robocorp.tasks._argdispatch._ArgDispatcher object at 0x000002726E439960>[0m

  File "[32mc:\ProgramData\robocorp\ht\82690e2_b1f3c24_09529949\lib\site-packages\robocorp\tasks\[0m[32m[1m_argdispatch.py[0m", line [33m227[0m, in [35mprocess_args[0m
    [35m[1mreturn[0m [1mself[0m[35m[1m.[0m[1m_dispatch[0m[1m([0m[1mparsed[0m[1m)[0m
    [36m       │    │         └ [0m[36m[1mNamespace(command='run', path='c:\\Users\\bianc\\RPAChallenge\\src\\main.py', glob=None, task_name=['challenge'], output_dir=...[0m
    [36m       │    └ [0m[36m[1m<function _ArgDispatcher._dispatch at 0x000002726E452B90>[0m
    [36m       └ [0m[36m[1m<robocorp.tasks._argdispatch._ArgDispatcher object at 0x000002726E439960>[0m

  File "[32mc:\ProgramData\robocorp\ht\82690e2_b1f3c24_09529949\lib\site-packages\robocorp\tasks\[0m[32m[1m_argdispatch.py[0m", line [33m22[0m, in [35m_dispatch[0m
    [35m[1mreturn[0m [1mmethod[0m[1m([0m[35m[1m**[0m[1mdct[0m[1m)[0m
    [36m       │        └ [0m[36m[1m{'path': 'c:\\Users\\bianc\\RPAChallenge\\src\\main.py', 'glob': None, 'task_name': ['challenge'], 'output_dir': '', 'max_log...[0m
    [36m       └ [0m[36m[1m<function run at 0x000002726E4531C0>[0m

  File "[32mc:\ProgramData\robocorp\ht\82690e2_b1f3c24_09529949\lib\site-packages\robocorp\tasks\[0m[32m[1m_commands.py[0m", line [33m440[0m, in [35mrun[0m
    [1mresult[0m [35m[1m=[0m [1mtask[0m[35m[1m.[0m[1mrun[0m[1m([0m[35m[1m*[0m[1margs[0m[1m,[0m [35m[1m**[0m[1mkwargs[0m[1m)[0m
    [36m         │    │    │       └ [0m[36m[1m{}[0m
    [36m         │    │    └ [0m[36m[1m[][0m
    [36m         │    └ [0m[36m[1m<function Task.run at 0x000002726E4FE8C0>[0m
    [36m         └ [0m[36m[1mTask(challenge, status: NOT_RUN)[0m

  File "[32mc:\ProgramData\robocorp\ht\82690e2_b1f3c24_09529949\lib\site-packages\robocorp\tasks\[0m[32m[1m_task.py[0m", line [33m89[0m, in [35mrun[0m
    [35m[1mreturn[0m [1mself[0m[35m[1m.[0m[1mmethod[0m[1m([0m[35m[1m*[0m[1margs[0m[1m,[0m [35m[1m**[0m[1mkwargs[0m[1m)[0m
    [36m       │    │       │       └ [0m[36m[1m{}[0m
    [36m       │    │       └ [0m[36m[1m()[0m
    [36m       │    └ [0m[36m[1m<function challenge at 0x0000027270CFEC20>[0m
    [36m       └ [0m[36m[1mTask(challenge, status: NOT_RUN)[0m

> File "[32mc:\Users\bianc\RPAChallenge\src\[0m[32m[1mmain.py[0m", line [33m159[0m, in [35mchallenge[0m
    [1mresult[0m [35m[1m=[0m [1msearch[0m[1m([0m[1mnews_browser[0m[1m)[0m
    [36m         │      └ [0m[36m[1m<src.utils.news_browser.AljazeeraSearch object at 0x000002726E596B00>[0m
    [36m         └ [0m[36m[1m<function search at 0x0000027270CFE3B0>[0m

  File "[32mc:\Users\bianc\RPAChallenge\src\[0m[32m[1mmain.py[0m", line [33m146[0m, in [35msearch[0m
    [1mbrowser[0m[35m[1m.[0m[1msearch[0m[1m([0m[1msearch_phrase[0m[1m)[0m
    [36m│       │      └ [0m[36m[1m'covid'[0m
    [36m│       └ [0m[36m[1m<function AljazeeraSearch.search at 0x0000027270CFF010>[0m
    [36m└ [0m[36m[1m<src.utils.news_browser.AljazeeraSearch object at 0x000002726E596B00>[0m

  File "[32mc:\Users\bianc\RPAChallenge\src\utils\[0m[32m[1mnews_browser.py[0m", line [33m91[0m, in [35msearch[0m
    [35m[1mwith[0m [1mself[0m[35m[1m.[0m[1mnew_page[0m[1m([0m[1murl[0m[35m[1m=[0m[1mself[0m[35m[1m.[0m[1murl[0m[1m)[0m [35m[1mas[0m [1mpage[0m[1m:[0m
    [36m     │    │            │    │       └ [0m[36m[1m<unprintable AjSearchResultPage object>[0m
    [36m     │    │            │    └ [0m[36m[1m'https://www.aljazeera.com'[0m
    [36m     │    │            └ [0m[36m[1m<src.utils.news_browser.AljazeeraSearch object at 0x000002726E596B00>[0m
    [36m     │    └ [0m[36m[1m<function AljazeeraSearch.new_page at 0x0000027270CFEE60>[0m
    [36m     └ [0m[36m[1m<src.utils.news_browser.AljazeeraSearch object at 0x000002726E596B00>[0m

  File "[32mc:\Users\bianc\RPAChallenge\src\utils\[0m[32m[1mnews_browser.py[0m", line [33m47[0m, in [35m__exit__[0m
    [1mself[0m[35m[1m.[0m[1mdriver[0m[35m[1m.[0m[1mclose[0m[1m([0m[1m)[0m
    [36m│    │      └ [0m[36m[1m<function WebDriver.close at 0x000002726F94C280>[0m
    [36m│    └ [0m[36m[1m<selenium.webdriver.chrome.webdriver.WebDriver (session="521e7f0aa3707bc3d1db95dfd1718f63")>[0m
    [36m└ [0m[36m[1m<unprintable AjSearchResultPage object>[0m

  File "[32mc:\ProgramData\robocorp\ht\82690e2_b1f3c24_09529949\lib\site-packages\selenium\webdriver\remote\[0m[32m[1mwebdriver.py[0m", line [33m458[0m, in [35mclose[0m
    [1mself[0m[35m[1m.[0m[1mexecute[0m[1m([0m[1mCommand[0m[35m[1m.[0m[1mCLOSE[0m[1m)[0m
    [36m│    │       │       └ [0m[36m[1m'close'[0m
    [36m│    │       └ [0m[36m[1m<class 'selenium.webdriver.remote.command.Command'>[0m
    [36m│    └ [0m[36m[1m<function WebDriver.execute at 0x000002726F937C70>[0m
    [36m└ [0m[36m[1m<selenium.webdriver.chrome.webdriver.WebDriver (session="521e7f0aa3707bc3d1db95dfd1718f63")>[0m

  File "[32mc:\ProgramData\robocorp\ht\82690e2_b1f3c24_09529949\lib\site-packages\selenium\webdriver\remote\[0m[32m[1mwebdriver.py[0m", line [33m347[0m, in [35mexecute[0m
    [1mself[0m[35m[1m.[0m[1merror_handler[0m[35m[1m.[0m[1mcheck_response[0m[1m([0m[1mresponse[0m[1m)[0m
    [36m│    │             │              └ [0m[36m[1m{'status': 404, 'value': '{"value":{"error":"no such window","message":"no such window: target window already closed\\nfrom u...[0m
    [36m│    │             └ [0m[36m[1m<function ErrorHandler.check_response at 0x000002726F8CC280>[0m
    [36m│    └ [0m[36m[1m<selenium.webdriver.remote.errorhandler.ErrorHandler object at 0x000002726F0649D0>[0m
    [36m└ [0m[36m[1m<selenium.webdriver.chrome.webdriver.WebDriver (session="521e7f0aa3707bc3d1db95dfd1718f63")>[0m

  File "[32mc:\ProgramData\robocorp\ht\82690e2_b1f3c24_09529949\lib\site-packages\selenium\webdriver\remote\[0m[32m[1merrorhandler.py[0m", line [33m229[0m, in [35mcheck_response[0m
    [35m[1mraise[0m [1mexception_class[0m[1m([0m[1mmessage[0m[1m,[0m [1mscreen[0m[1m,[0m [1mstacktrace[0m[1m)[0m
    [36m      │               │        │       └ [0m[36m[1m['\tGetHandleVerifier [0x00F50ED3+27667]', '\t(No symbol) [0x00EE6BD4]', '\t(No symbol) [0x00DE1AFF]', '\t(No symbol) [0x00DB...[0m
    [36m      │               │        └ [0m[36m[1mNone[0m
    [36m      │               └ [0m[36m[1m'no such window: target window already closed\nfrom unknown error: web view not found\n  (Session info: chrome=126.0.6478.114)'[0m
    [36m      └ [0m[36m[1m<class 'selenium.common.exceptions.NoSuchWindowException'>[0m

[31m[1mselenium.common.exceptions.NoSuchWindowException[0m:[1m Message: no such window: target window already closed
from unknown error: web view not found
  (Session info: chrome=126.0.6478.114)
Stacktrace:
	GetHandleVerifier [0x00F50ED3+27667]
	(No symbol) [0x00EE6BD4]
	(No symbol) [0x00DE1AFF]
	(No symbol) [0x00DBE483]
	(No symbol) [0x00E4A00F]
	(No symbol) [0x00E4F824]
	(No symbol) [0x00E438F3]
	(No symbol) [0x00E174D1]
	(No symbol) [0x00E1804D]
	GetHandleVerifier [0x01203D43+2857603]
	GetHandleVerifier [0x01257EAD+3202029]
	GetHandleVerifier [0x00FD46D4+566292]
	GetHandleVerifier [0x00FDB8CC+595468]
	(No symbol) [0x00EEF9C4]
	(No symbol) [0x00EEC6D8]
	(No symbol) [0x00EEC877]
	(No symbol) [0x00EDE76E]
	BaseThreadInitThunk [0x76007BA9+25]
	RtlInitializeExceptionChain [0x7751C10B+107]
	RtlClearBits [0x7751C08F+191]
[0m
[32m2024-06-24 00:01:14.496[0m | [38;2;255;0;255mCPU 6.9%[0m | [38;2;255;0;255mMEM 76.3%[0m | [38;2;255;0;255mDISK 83.7%[0m | [1mINFO    [0m | [36mmain[0m:[36mchallenge[0m:[36m153[0m |  - [1mWorkitem: {'search_phrase': 'covid', 'news_section': ['business', 'technology', 'entertainment'], 'number_months': 1}[0m
[32m2024-06-24 00:01:14.507[0m | [38;2;255;0;255mCPU 0.0%[0m | [38;2;255;0;255mMEM 76.3%[0m | [38;2;255;0;255mDISK 83.7%[0m | [1mINFO    [0m | [36mmain[0m:[36mchallenge[0m:[36m155[0m |  - [1mStarting the challenge...[0m
[32m2024-06-24 00:01:14.519[0m | [38;2;255;0;255mCPU 0.0%[0m | [38;2;255;0;255mMEM 76.3%[0m | [38;2;255;0;255mDISK 83.7%[0m | [34m[1mDEBUG   [0m | [36msrc.utils.news_browser[0m:[36m__init__[0m:[36m58[0m |  - [34m[1mCreating browser[0m
[32m2024-06-24 00:01:17.908[0m | [38;2;255;0;255mCPU 7.7%[0m | [38;2;255;0;255mMEM 78.9%[0m | [38;2;255;0;255mDISK 83.7%[0m | [1mINFO    [0m | [36mmain[0m:[36msearch[0m:[36m142[0m |  - [1mNavigating to the site...[0m
[32m2024-06-24 00:02:09.839[0m | [38;2;255;0;255mCPU     [0m | [38;2;255;0;255mMEM     [0m | [38;2;255;0;255mDISK     [0m | [31m[1mERROR   [0m | [36mmain[0m:[36mchallenge[0m:[36m159[0m |  - [31m[1mAn error has been caught in function 'challenge', process 'MainProcess' (25652), thread 'MainThread' (23588):[0m
[33m[1mTraceback (most recent call last):[0m

  File "[32mc:\ProgramData\robocorp\ht\82690e2_b1f3c24_09529949\lib\[0m[32m[1mrunpy.py[0m", line [33m196[0m, in [35m_run_module_as_main[0m
    [35m[1mreturn[0m [1m_run_code[0m[1m([0m[1mcode[0m[1m,[0m [1mmain_globals[0m[1m,[0m [36m[1mNone[0m[1m,[0m
    [36m       │         │     └ [0m[36m[1m{'__name__': '__main__', '__doc__': None, '__package__': 'robocorp.tasks', '__loader__': <_frozen_importlib_external.SourceFi...[0m
    [36m       │         └ [0m[36m[1m<code object <module> at 0x0000019A57BEC0E0, file "c:\Users\bianc\.vscode\extensions\ms-python.debugpy-2024.6.0-win32-x64\bun...[0m
    [36m       └ [0m[36m[1m<function _run_code at 0x0000019A57BCFBE0>[0m

  File "[32mc:\ProgramData\robocorp\ht\82690e2_b1f3c24_09529949\lib\[0m[32m[1mrunpy.py[0m", line [33m86[0m, in [35m_run_code[0m
    [1mexec[0m[1m([0m[1mcode[0m[1m,[0m [1mrun_globals[0m[1m)[0m
    [36m     │     └ [0m[36m[1m{'__name__': '__main__', '__doc__': None, '__package__': 'robocorp.tasks', '__loader__': <_frozen_importlib_external.SourceFi...[0m
    [36m     └ [0m[36m[1m<code object <module> at 0x0000019A57BEC0E0, file "c:\Users\bianc\.vscode\extensions\ms-python.debugpy-2024.6.0-win32-x64\bun...[0m

  File "[32mc:\Users\bianc\.vscode\extensions\ms-python.debugpy-2024.6.0-win32-x64\bundled\libs\debugpy\[0m[32m[1m__main__.py[0m", line [33m39[0m, in [35m<module>[0m
    [1mcli[0m[35m[1m.[0m[1mmain[0m[1m([0m[1m)[0m
    [36m│   └ [0m[36m[1m<function main at 0x0000019A5A75D3F0>[0m
    [36m└ [0m[36m[1m<module 'debugpy.server.cli' from 'c:\\Users\\bianc\\.vscode\\extensions\\ms-python.debugpy-2024.6.0-win32-x64\\bundled\\libs...[0m

  File "[32mc:\Users\bianc\.vscode\extensions\ms-python.debugpy-2024.6.0-win32-x64\bundled\libs\debugpy/..\debugpy\server\[0m[32m[1mcli.py[0m", line [33m430[0m, in [35mmain[0m
    [1mrun[0m[1m([0m[1m)[0m
    [36m└ [0m[36m[1m<function run_module at 0x0000019A5A75D240>[0m

  File "[32mc:\Users\bianc\.vscode\extensions\ms-python.debugpy-2024.6.0-win32-x64\bundled\libs\debugpy/..\debugpy\server\[0m[32m[1mcli.py[0m", line [33m317[0m, in [35mrun_module[0m
    [1mrun_module_as_main[0m[1m([0m[1moptions[0m[35m[1m.[0m[1mtarget[0m[1m,[0m [1malter_argv[0m[35m[1m=[0m[36m[1mTrue[0m[1m)[0m
    [36m│                  │       └ [0m[36m[1m'robocorp.tasks'[0m
    [36m│                  └ [0m[36m[1m<debugpy.server.cli.Options object at 0x0000019A5A6E6FE0>[0m
    [36m└ [0m[36m[1m<function _run_module_as_main at 0x0000019A5A3DDEA0>[0m

  File "[32mc:\Users\bianc\.vscode\extensions\ms-python.debugpy-2024.6.0-win32-x64\bundled\libs\debugpy\_vendored\pydevd\_pydevd_bundle\[0m[32m[1mpydevd_runpy.py[0m", line [33m238[0m, in [35m_run_module_as_main[0m
    [35m[1mreturn[0m [1m_run_code[0m[1m([0m[1mcode[0m[1m,[0m [1mmain_globals[0m[1m,[0m [36m[1mNone[0m[1m,[0m
    [36m       │         │     └ [0m[36m[1m{'__name__': '__main__', '__doc__': None, '__package__': 'robocorp.tasks', '__loader__': <_frozen_importlib_external.SourceFi...[0m
    [36m       │         └ [0m[36m[1m<code object <module> at 0x0000019A5A887730, file "c:\ProgramData\robocorp\ht\82690e2_b1f3c24_09529949\lib\site-packages\robo...[0m
    [36m       └ [0m[36m[1m<function _run_code at 0x0000019A5A3DD990>[0m

  File "[32mc:\Users\bianc\.vscode\extensions\ms-python.debugpy-2024.6.0-win32-x64\bundled\libs\debugpy\_vendored\pydevd\_pydevd_bundle\[0m[32m[1mpydevd_runpy.py[0m", line [33m124[0m, in [35m_run_code[0m
    [1mexec[0m[1m([0m[1mcode[0m[1m,[0m [1mrun_globals[0m[1m)[0m
    [36m     │     └ [0m[36m[1m{'__name__': '__main__', '__doc__': None, '__package__': 'robocorp.tasks', '__loader__': <_frozen_importlib_external.SourceFi...[0m
    [36m     └ [0m[36m[1m<code object <module> at 0x0000019A5A887730, file "c:\ProgramData\robocorp\ht\82690e2_b1f3c24_09529949\lib\site-packages\robo...[0m

  File "[32mc:\ProgramData\robocorp\ht\82690e2_b1f3c24_09529949\lib\site-packages\robocorp\tasks\[0m[32m[1m__main__.py[0m", line [33m4[0m, in [35m<module>[0m
    [1mmain[0m[1m([0m[1m)[0m
    [36m└ [0m[36m[1m<function main at 0x0000019A5A85DCF0>[0m

  File "[32mc:\ProgramData\robocorp\ht\82690e2_b1f3c24_09529949\lib\site-packages\robocorp\tasks\[0m[32m[1mcli.py[0m", line [33m78[0m, in [35mmain[0m
    [1mreturncode[0m [35m[1m=[0m [1mdispatcher[0m[35m[1m.[0m[1mprocess_args[0m[1m([0m[1margs[0m[1m)[0m
    [36m             │          │            └ [0m[36m[1m['run', 'c:\\Users\\bianc\\RPAChallenge\\src\\main.py', '-t', 'challenge'][0m
    [36m             │          └ [0m[36m[1m<function _ArgDispatcher.process_args at 0x0000019A5B2530A0>[0m
    [36m             └ [0m[36m[1m<robocorp.tasks._argdispatch._ArgDispatcher object at 0x0000019A5B23D990>[0m

  File "[32mc:\ProgramData\robocorp\ht\82690e2_b1f3c24_09529949\lib\site-packages\robocorp\tasks\[0m[32m[1m_argdispatch.py[0m", line [33m227[0m, in [35mprocess_args[0m
    [35m[1mreturn[0m [1mself[0m[35m[1m.[0m[1m_dispatch[0m[1m([0m[1mparsed[0m[1m)[0m
    [36m       │    │         └ [0m[36m[1mNamespace(command='run', path='c:\\Users\\bianc\\RPAChallenge\\src\\main.py', glob=None, task_name=['challenge'], output_dir=...[0m
    [36m       │    └ [0m[36m[1m<function _ArgDispatcher._dispatch at 0x0000019A5B252B90>[0m
    [36m       └ [0m[36m[1m<robocorp.tasks._argdispatch._ArgDispatcher object at 0x0000019A5B23D990>[0m

  File "[32mc:\ProgramData\robocorp\ht\82690e2_b1f3c24_09529949\lib\site-packages\robocorp\tasks\[0m[32m[1m_argdispatch.py[0m", line [33m22[0m, in [35m_dispatch[0m
    [35m[1mreturn[0m [1mmethod[0m[1m([0m[35m[1m**[0m[1mdct[0m[1m)[0m
    [36m       │        └ [0m[36m[1m{'path': 'c:\\Users\\bianc\\RPAChallenge\\src\\main.py', 'glob': None, 'task_name': ['challenge'], 'output_dir': '', 'max_log...[0m
    [36m       └ [0m[36m[1m<function run at 0x0000019A5B2531C0>[0m

  File "[32mc:\ProgramData\robocorp\ht\82690e2_b1f3c24_09529949\lib\site-packages\robocorp\tasks\[0m[32m[1m_commands.py[0m", line [33m440[0m, in [35mrun[0m
    [1mresult[0m [35m[1m=[0m [1mtask[0m[35m[1m.[0m[1mrun[0m[1m([0m[35m[1m*[0m[1margs[0m[1m,[0m [35m[1m**[0m[1mkwargs[0m[1m)[0m
    [36m         │    │    │       └ [0m[36m[1m{}[0m
    [36m         │    │    └ [0m[36m[1m[][0m
    [36m         │    └ [0m[36m[1m<function Task.run at 0x0000019A5B3028C0>[0m
    [36m         └ [0m[36m[1mTask(challenge, status: NOT_RUN)[0m

  File "[32mc:\ProgramData\robocorp\ht\82690e2_b1f3c24_09529949\lib\site-packages\robocorp\tasks\[0m[32m[1m_task.py[0m", line [33m89[0m, in [35mrun[0m
    [35m[1mreturn[0m [1mself[0m[35m[1m.[0m[1mmethod[0m[1m([0m[35m[1m*[0m[1margs[0m[1m,[0m [35m[1m**[0m[1mkwargs[0m[1m)[0m
    [36m       │    │       │       └ [0m[36m[1m{}[0m
    [36m       │    │       └ [0m[36m[1m()[0m
    [36m       │    └ [0m[36m[1m<function challenge at 0x0000019A5DAAE200>[0m
    [36m       └ [0m[36m[1mTask(challenge, status: NOT_RUN)[0m

> File "[32mc:\Users\bianc\RPAChallenge\src\[0m[32m[1mmain.py[0m", line [33m159[0m, in [35mchallenge[0m
    [1mresult[0m [35m[1m=[0m [1msearch[0m[1m([0m[1mnews_browser[0m[1m)[0m
    [36m         │      └ [0m[36m[1m<src.utils.news_browser.AljazeeraSearch object at 0x0000019A5B396E90>[0m
    [36m         └ [0m[36m[1m<function search at 0x0000019A5DAAD990>[0m

  File "[32mc:\Users\bianc\RPAChallenge\src\[0m[32m[1mmain.py[0m", line [33m146[0m, in [35msearch[0m
    [1mbrowser[0m[35m[1m.[0m[1msearch[0m[1m([0m[1msearch_phrase[0m[1m)[0m
    [36m│       │      └ [0m[36m[1m'covid'[0m
    [36m│       └ [0m[36m[1m<function AljazeeraSearch.search at 0x0000019A5DAAE5F0>[0m
    [36m└ [0m[36m[1m<src.utils.news_browser.AljazeeraSearch object at 0x0000019A5B396E90>[0m

  File "[32mc:\Users\bianc\RPAChallenge\src\utils\[0m[32m[1mnews_browser.py[0m", line [33m91[0m, in [35msearch[0m
    [35m[1mwith[0m [1mself[0m[35m[1m.[0m[1mnew_page[0m[1m([0m[1murl[0m[35m[1m=[0m[1mself[0m[35m[1m.[0m[1murl[0m[1m)[0m [35m[1mas[0m [1mpage[0m[1m:[0m
    [36m     │    │            │    │       └ [0m[36m[1m<unprintable AjSearchResultPage object>[0m
    [36m     │    │            │    └ [0m[36m[1m'https://www.aljazeera.com'[0m
    [36m     │    │            └ [0m[36m[1m<src.utils.news_browser.AljazeeraSearch object at 0x0000019A5B396E90>[0m
    [36m     │    └ [0m[36m[1m<function AljazeeraSearch.new_page at 0x0000019A5DAAE440>[0m
    [36m     └ [0m[36m[1m<src.utils.news_browser.AljazeeraSearch object at 0x0000019A5B396E90>[0m

  File "[32mc:\Users\bianc\RPAChallenge\src\utils\[0m[32m[1mnews_browser.py[0m", line [33m47[0m, in [35m__exit__[0m
    [1mself[0m[35m[1m.[0m[1mdriver[0m[35m[1m.[0m[1mclose[0m[1m([0m[1m)[0m
    [36m│    │      └ [0m[36m[1m<function WebDriver.close at 0x0000019A5C6E77F0>[0m
    [36m│    └ [0m[36m[1m<selenium.webdriver.chrome.webdriver.WebDriver (session="0e8de8fdba1804c5445c642655631a26")>[0m
    [36m└ [0m[36m[1m<unprintable AjSearchResultPage object>[0m

  File "[32mc:\ProgramData\robocorp\ht\82690e2_b1f3c24_09529949\lib\site-packages\selenium\webdriver\remote\[0m[32m[1mwebdriver.py[0m", line [33m458[0m, in [35mclose[0m
    [1mself[0m[35m[1m.[0m[1mexecute[0m[1m([0m[1mCommand[0m[35m[1m.[0m[1mCLOSE[0m[1m)[0m
    [36m│    │       │       └ [0m[36m[1m'close'[0m
    [36m│    │       └ [0m[36m[1m<class 'selenium.webdriver.remote.command.Command'>[0m
    [36m│    └ [0m[36m[1m<function WebDriver.execute at 0x0000019A5C6E7250>[0m
    [36m└ [0m[36m[1m<selenium.webdriver.chrome.webdriver.WebDriver (session="0e8de8fdba1804c5445c642655631a26")>[0m

  File "[32mc:\ProgramData\robocorp\ht\82690e2_b1f3c24_09529949\lib\site-packages\selenium\webdriver\remote\[0m[32m[1mwebdriver.py[0m", line [33m347[0m, in [35mexecute[0m
    [1mself[0m[35m[1m.[0m[1merror_handler[0m[35m[1m.[0m[1mcheck_response[0m[1m([0m[1mresponse[0m[1m)[0m
    [36m│    │             │              └ [0m[36m[1m{'status': 404, 'value': '{"value":{"error":"no such window","message":"no such window: target window already closed\\nfrom u...[0m
    [36m│    │             └ [0m[36m[1m<function ErrorHandler.check_response at 0x0000019A5C64F7F0>[0m
    [36m│    └ [0m[36m[1m<selenium.webdriver.remote.errorhandler.ErrorHandler object at 0x0000019A5DAEF400>[0m
    [36m└ [0m[36m[1m<selenium.webdriver.chrome.webdriver.WebDriver (session="0e8de8fdba1804c5445c642655631a26")>[0m

  File "[32mc:\ProgramData\robocorp\ht\82690e2_b1f3c24_09529949\lib\site-packages\selenium\webdriver\remote\[0m[32m[1merrorhandler.py[0m", line [33m229[0m, in [35mcheck_response[0m
    [35m[1mraise[0m [1mexception_class[0m[1m([0m[1mmessage[0m[1m,[0m [1mscreen[0m[1m,[0m [1mstacktrace[0m[1m)[0m
    [36m      │               │        │       └ [0m[36m[1m['\tGetHandleVerifier [0x00F50ED3+27667]', '\t(No symbol) [0x00EE6BD4]', '\t(No symbol) [0x00DE1AFF]', '\t(No symbol) [0x00DB...[0m
    [36m      │               │        └ [0m[36m[1mNone[0m
    [36m      │               └ [0m[36m[1m'no such window: target window already closed\nfrom unknown error: web view not found\n  (Session info: chrome=126.0.6478.114)'[0m
    [36m      └ [0m[36m[1m<class 'selenium.common.exceptions.NoSuchWindowException'>[0m

[31m[1mselenium.common.exceptions.NoSuchWindowException[0m:[1m Message: no such window: target window already closed
from unknown error: web view not found
  (Session info: chrome=126.0.6478.114)
Stacktrace:
	GetHandleVerifier [0x00F50ED3+27667]
	(No symbol) [0x00EE6BD4]
	(No symbol) [0x00DE1AFF]
	(No symbol) [0x00DBE483]
	(No symbol) [0x00E4A00F]
	(No symbol) [0x00E4F824]
	(No symbol) [0x00E438F3]
	(No symbol) [0x00E174D1]
	(No symbol) [0x00E1804D]
	GetHandleVerifier [0x01203D43+2857603]
	GetHandleVerifier [0x01257EAD+3202029]
	GetHandleVerifier [0x00FD46D4+566292]
	GetHandleVerifier [0x00FDB8CC+595468]
	(No symbol) [0x00EEF9C4]
	(No symbol) [0x00EEC6D8]
	(No symbol) [0x00EEC877]
	(No symbol) [0x00EDE76E]
	BaseThreadInitThunk [0x76007BA9+25]
	RtlInitializeExceptionChain [0x7751C10B+107]
	RtlClearBits [0x7751C08F+191]
[0m
[32m2024-06-24 00:02:55.651[0m | [38;2;255;0;255mCPU 8.3%[0m | [38;2;255;0;255mMEM 80.9%[0m | [38;2;255;0;255mDISK 83.7%[0m | [1mINFO    [0m | [36mmain[0m:[36mchallenge[0m:[36m153[0m |  - [1mWorkitem: {'search_phrase': 'covid', 'news_section': ['business', 'technology', 'entertainment'], 'number_months': 1}[0m
[32m2024-06-24 00:02:55.662[0m | [38;2;255;0;255mCPU 0.0%[0m | [38;2;255;0;255mMEM 80.9%[0m | [38;2;255;0;255mDISK 83.7%[0m | [1mINFO    [0m | [36mmain[0m:[36mchallenge[0m:[36m155[0m |  - [1mStarting the challenge...[0m
[32m2024-06-24 00:02:55.674[0m | [38;2;255;0;255mCPU 0.0%[0m | [38;2;255;0;255mMEM 80.9%[0m | [38;2;255;0;255mDISK 83.7%[0m | [34m[1mDEBUG   [0m | [36msrc.utils.news_browser[0m:[36m__init__[0m:[36m58[0m |  - [34m[1mCreating browser[0m
[32m2024-06-24 00:02:58.959[0m | [38;2;255;0;255mCPU 5.9%[0m | [38;2;255;0;255mMEM 82.8%[0m | [38;2;255;0;255mDISK 83.7%[0m | [1mINFO    [0m | [36mmain[0m:[36msearch[0m:[36m142[0m |  - [1mNavigating to the site...[0m
[32m2024-06-24 00:07:02.726[0m | [38;2;255;0;255mCPU 11.1%[0m | [38;2;255;0;255mMEM 87.0%[0m | [38;2;255;0;255mDISK 83.7%[0m | [1mINFO    [0m | [36mmain[0m:[36mchallenge[0m:[36m153[0m |  - [1mWorkitem: {'search_phrase': 'covid', 'news_section': ['business', 'technology', 'entertainment'], 'number_months': 1}[0m
[32m2024-06-24 00:07:02.748[0m | [38;2;255;0;255mCPU 5.0%[0m | [38;2;255;0;255mMEM 87.0%[0m | [38;2;255;0;255mDISK 83.7%[0m | [1mINFO    [0m | [36mmain[0m:[36mchallenge[0m:[36m155[0m |  - [1mStarting the challenge...[0m
[32m2024-06-24 00:07:02.763[0m | [38;2;255;0;255mCPU 16.7%[0m | [38;2;255;0;255mMEM 87.0%[0m | [38;2;255;0;255mDISK 83.7%[0m | [34m[1mDEBUG   [0m | [36msrc.utils.news_browser[0m:[36m__init__[0m:[36m56[0m |  - [34m[1mCreating browser[0m
[32m2024-06-24 00:07:08.312[0m | [38;2;255;0;255mCPU 4.2%[0m | [38;2;255;0;255mMEM 87.1%[0m | [38;2;255;0;255mDISK 83.7%[0m | [1mINFO    [0m | [36mmain[0m:[36msearch[0m:[36m142[0m |  - [1mNavigating to the site...[0m
[32m2024-06-24 00:08:52.541[0m | [38;2;255;0;255mCPU 7.1%[0m | [38;2;255;0;255mMEM 86.1%[0m | [38;2;255;0;255mDISK 83.7%[0m | [1mINFO    [0m | [36mmain[0m:[36mchallenge[0m:[36m153[0m |  - [1mWorkitem: {'search_phrase': 'covid', 'news_section': ['business', 'technology', 'entertainment'], 'number_months': 1}[0m
[32m2024-06-24 00:08:52.555[0m | [38;2;255;0;255mCPU 0.0%[0m | [38;2;255;0;255mMEM 86.1%[0m | [38;2;255;0;255mDISK 83.7%[0m | [1mINFO    [0m | [36mmain[0m:[36mchallenge[0m:[36m155[0m |  - [1mStarting the challenge...[0m
[32m2024-06-24 00:08:52.567[0m | [38;2;255;0;255mCPU 0.0%[0m | [38;2;255;0;255mMEM 86.1%[0m | [38;2;255;0;255mDISK 83.7%[0m | [34m[1mDEBUG   [0m | [36msrc.utils.news_browser[0m:[36m__init__[0m:[36m54[0m |  - [34m[1mCreating browser[0m
[32m2024-06-24 00:08:55.981[0m | [38;2;255;0;255mCPU 9.0%[0m | [38;2;255;0;255mMEM 87.9%[0m | [38;2;255;0;255mDISK 83.8%[0m | [1mINFO    [0m | [36mmain[0m:[36msearch[0m:[36m142[0m |  - [1mNavigating to the site...[0m
[32m2024-06-24 00:09:19.803[0m | [38;2;255;0;255mCPU     [0m | [38;2;255;0;255mMEM     [0m | [38;2;255;0;255mDISK     [0m | [31m[1mERROR   [0m | [36mmain[0m:[36mchallenge[0m:[36m159[0m |  - [31m[1mAn error has been caught in function 'challenge', process 'MainProcess' (27652), thread 'MainThread' (25476):[0m
[33m[1mTraceback (most recent call last):[0m

  File "[32mc:\ProgramData\robocorp\ht\82690e2_b1f3c24_09529949\lib\[0m[32m[1mrunpy.py[0m", line [33m196[0m, in [35m_run_module_as_main[0m
    [35m[1mreturn[0m [1m_run_code[0m[1m([0m[1mcode[0m[1m,[0m [1mmain_globals[0m[1m,[0m [36m[1mNone[0m[1m,[0m
    [36m       │         │     └ [0m[36m[1m{'__name__': '__main__', '__doc__': None, '__package__': 'robocorp.tasks', '__loader__': <_frozen_importlib_external.SourceFi...[0m
    [36m       │         └ [0m[36m[1m<code object <module> at 0x000001B1B4DCC0E0, file "c:\Users\bianc\.vscode\extensions\ms-python.debugpy-2024.6.0-win32-x64\bun...[0m
    [36m       └ [0m[36m[1m<function _run_code at 0x000001B1B4DAFBE0>[0m

  File "[32mc:\ProgramData\robocorp\ht\82690e2_b1f3c24_09529949\lib\[0m[32m[1mrunpy.py[0m", line [33m86[0m, in [35m_run_code[0m
    [1mexec[0m[1m([0m[1mcode[0m[1m,[0m [1mrun_globals[0m[1m)[0m
    [36m     │     └ [0m[36m[1m{'__name__': '__main__', '__doc__': None, '__package__': 'robocorp.tasks', '__loader__': <_frozen_importlib_external.SourceFi...[0m
    [36m     └ [0m[36m[1m<code object <module> at 0x000001B1B4DCC0E0, file "c:\Users\bianc\.vscode\extensions\ms-python.debugpy-2024.6.0-win32-x64\bun...[0m

  File "[32mc:\Users\bianc\.vscode\extensions\ms-python.debugpy-2024.6.0-win32-x64\bundled\libs\debugpy\[0m[32m[1m__main__.py[0m", line [33m39[0m, in [35m<module>[0m
    [1mcli[0m[35m[1m.[0m[1mmain[0m[1m([0m[1m)[0m
    [36m│   └ [0m[36m[1m<function main at 0x000001B1B78BD3F0>[0m
    [36m└ [0m[36m[1m<module 'debugpy.server.cli' from 'c:\\Users\\bianc\\.vscode\\extensions\\ms-python.debugpy-2024.6.0-win32-x64\\bundled\\libs...[0m

  File "[32mc:\Users\bianc\.vscode\extensions\ms-python.debugpy-2024.6.0-win32-x64\bundled\libs\debugpy/..\debugpy\server\[0m[32m[1mcli.py[0m", line [33m430[0m, in [35mmain[0m
    [1mrun[0m[1m([0m[1m)[0m
    [36m└ [0m[36m[1m<function run_module at 0x000001B1B78BD240>[0m

  File "[32mc:\Users\bianc\.vscode\extensions\ms-python.debugpy-2024.6.0-win32-x64\bundled\libs\debugpy/..\debugpy\server\[0m[32m[1mcli.py[0m", line [33m317[0m, in [35mrun_module[0m
    [1mrun_module_as_main[0m[1m([0m[1moptions[0m[35m[1m.[0m[1mtarget[0m[1m,[0m [1malter_argv[0m[35m[1m=[0m[36m[1mTrue[0m[1m)[0m
    [36m│                  │       └ [0m[36m[1m'robocorp.tasks'[0m
    [36m│                  └ [0m[36m[1m<debugpy.server.cli.Options object at 0x000001B1B7842FE0>[0m
    [36m└ [0m[36m[1m<function _run_module_as_main at 0x000001B1B753DEA0>[0m

  File "[32mc:\Users\bianc\.vscode\extensions\ms-python.debugpy-2024.6.0-win32-x64\bundled\libs\debugpy\_vendored\pydevd\_pydevd_bundle\[0m[32m[1mpydevd_runpy.py[0m", line [33m238[0m, in [35m_run_module_as_main[0m
    [35m[1mreturn[0m [1m_run_code[0m[1m([0m[1mcode[0m[1m,[0m [1mmain_globals[0m[1m,[0m [36m[1mNone[0m[1m,[0m
    [36m       │         │     └ [0m[36m[1m{'__name__': '__main__', '__doc__': None, '__package__': 'robocorp.tasks', '__loader__': <_frozen_importlib_external.SourceFi...[0m
    [36m       │         └ [0m[36m[1m<code object <module> at 0x000001B1B79EB730, file "c:\ProgramData\robocorp\ht\82690e2_b1f3c24_09529949\lib\site-packages\robo...[0m
    [36m       └ [0m[36m[1m<function _run_code at 0x000001B1B753D990>[0m

  File "[32mc:\Users\bianc\.vscode\extensions\ms-python.debugpy-2024.6.0-win32-x64\bundled\libs\debugpy\_vendored\pydevd\_pydevd_bundle\[0m[32m[1mpydevd_runpy.py[0m", line [33m124[0m, in [35m_run_code[0m
    [1mexec[0m[1m([0m[1mcode[0m[1m,[0m [1mrun_globals[0m[1m)[0m
    [36m     │     └ [0m[36m[1m{'__name__': '__main__', '__doc__': None, '__package__': 'robocorp.tasks', '__loader__': <_frozen_importlib_external.SourceFi...[0m
    [36m     └ [0m[36m[1m<code object <module> at 0x000001B1B79EB730, file "c:\ProgramData\robocorp\ht\82690e2_b1f3c24_09529949\lib\site-packages\robo...[0m

  File "[32mc:\ProgramData\robocorp\ht\82690e2_b1f3c24_09529949\lib\site-packages\robocorp\tasks\[0m[32m[1m__main__.py[0m", line [33m4[0m, in [35m<module>[0m
    [1mmain[0m[1m([0m[1m)[0m
    [36m└ [0m[36m[1m<function main at 0x000001B1B79B9CF0>[0m

  File "[32mc:\ProgramData\robocorp\ht\82690e2_b1f3c24_09529949\lib\site-packages\robocorp\tasks\[0m[32m[1mcli.py[0m", line [33m78[0m, in [35mmain[0m
    [1mreturncode[0m [35m[1m=[0m [1mdispatcher[0m[35m[1m.[0m[1mprocess_args[0m[1m([0m[1margs[0m[1m)[0m
    [36m             │          │            └ [0m[36m[1m['run', 'c:\\Users\\bianc\\RPAChallenge\\src\\main.py', '-t', 'challenge'][0m
    [36m             │          └ [0m[36m[1m<function _ArgDispatcher.process_args at 0x000001B1B83B30A0>[0m
    [36m             └ [0m[36m[1m<robocorp.tasks._argdispatch._ArgDispatcher object at 0x000001B1B8399990>[0m

  File "[32mc:\ProgramData\robocorp\ht\82690e2_b1f3c24_09529949\lib\site-packages\robocorp\tasks\[0m[32m[1m_argdispatch.py[0m", line [33m227[0m, in [35mprocess_args[0m
    [35m[1mreturn[0m [1mself[0m[35m[1m.[0m[1m_dispatch[0m[1m([0m[1mparsed[0m[1m)[0m
    [36m       │    │         └ [0m[36m[1mNamespace(command='run', path='c:\\Users\\bianc\\RPAChallenge\\src\\main.py', glob=None, task_name=['challenge'], output_dir=...[0m
    [36m       │    └ [0m[36m[1m<function _ArgDispatcher._dispatch at 0x000001B1B83B2B90>[0m
    [36m       └ [0m[36m[1m<robocorp.tasks._argdispatch._ArgDispatcher object at 0x000001B1B8399990>[0m

  File "[32mc:\ProgramData\robocorp\ht\82690e2_b1f3c24_09529949\lib\site-packages\robocorp\tasks\[0m[32m[1m_argdispatch.py[0m", line [33m22[0m, in [35m_dispatch[0m
    [35m[1mreturn[0m [1mmethod[0m[1m([0m[35m[1m**[0m[1mdct[0m[1m)[0m
    [36m       │        └ [0m[36m[1m{'path': 'c:\\Users\\bianc\\RPAChallenge\\src\\main.py', 'glob': None, 'task_name': ['challenge'], 'output_dir': '', 'max_log...[0m
    [36m       └ [0m[36m[1m<function run at 0x000001B1B83B31C0>[0m

  File "[32mc:\ProgramData\robocorp\ht\82690e2_b1f3c24_09529949\lib\site-packages\robocorp\tasks\[0m[32m[1m_commands.py[0m", line [33m440[0m, in [35mrun[0m
    [1mresult[0m [35m[1m=[0m [1mtask[0m[35m[1m.[0m[1mrun[0m[1m([0m[35m[1m*[0m[1margs[0m[1m,[0m [35m[1m**[0m[1mkwargs[0m[1m)[0m
    [36m         │    │    │       └ [0m[36m[1m{}[0m
    [36m         │    │    └ [0m[36m[1m[][0m
    [36m         │    └ [0m[36m[1m<function Task.run at 0x000001B1B845E8C0>[0m
    [36m         └ [0m[36m[1mTask(challenge, status: NOT_RUN)[0m

  File "[32mc:\ProgramData\robocorp\ht\82690e2_b1f3c24_09529949\lib\site-packages\robocorp\tasks\[0m[32m[1m_task.py[0m", line [33m89[0m, in [35mrun[0m
    [35m[1mreturn[0m [1mself[0m[35m[1m.[0m[1mmethod[0m[1m([0m[35m[1m*[0m[1margs[0m[1m,[0m [35m[1m**[0m[1mkwargs[0m[1m)[0m
    [36m       │    │       │       └ [0m[36m[1m{}[0m
    [36m       │    │       └ [0m[36m[1m()[0m
    [36m       │    └ [0m[36m[1m<function challenge at 0x000001B1BAC4F2E0>[0m
    [36m       └ [0m[36m[1mTask(challenge, status: NOT_RUN)[0m

> File "[32mc:\Users\bianc\RPAChallenge\src\[0m[32m[1mmain.py[0m", line [33m159[0m, in [35mchallenge[0m
    [1mresult[0m [35m[1m=[0m [1msearch[0m[1m([0m[1mnews_browser[0m[1m)[0m
    [36m         │      └ [0m[36m[1m<src.utils.news_browser.AljazeeraSearch object at 0x000001B1B84F6A40>[0m
    [36m         └ [0m[36m[1m<function search at 0x000001B1BAC4EE60>[0m

  File "[32mc:\Users\bianc\RPAChallenge\src\[0m[32m[1mmain.py[0m", line [33m146[0m, in [35msearch[0m
    [1mbrowser[0m[35m[1m.[0m[1msearch[0m[1m([0m[1msearch_phrase[0m[1m)[0m
    [36m│       │      └ [0m[36m[1m'covid'[0m
    [36m│       └ [0m[36m[1m<function AljazeeraSearch.search at 0x000001B1BAC4F6D0>[0m
    [36m└ [0m[36m[1m<src.utils.news_browser.AljazeeraSearch object at 0x000001B1B84F6A40>[0m

  File "[32mc:\Users\bianc\RPAChallenge\src\utils\[0m[32m[1mnews_browser.py[0m", line [33m87[0m, in [35msearch[0m
    [35m[1mwith[0m [1mself[0m[35m[1m.[0m[1mnew_page[0m[1m([0m[1murl[0m[35m[1m=[0m[1mself[0m[35m[1m.[0m[1murl[0m[1m)[0m [35m[1mas[0m [1mpage[0m[1m:[0m
    [36m     │    │            │    │       └ [0m[36m[1m<unprintable AjSearchResultPage object>[0m
    [36m     │    │            │    └ [0m[36m[1m'https://www.aljazeera.com'[0m
    [36m     │    │            └ [0m[36m[1m<src.utils.news_browser.AljazeeraSearch object at 0x000001B1B84F6A40>[0m
    [36m     │    └ [0m[36m[1m<function AljazeeraSearch.new_page at 0x000001B1BAC4F520>[0m
    [36m     └ [0m[36m[1m<src.utils.news_browser.AljazeeraSearch object at 0x000001B1B84F6A40>[0m

  File "[32mc:\Users\bianc\RPAChallenge\src\utils\[0m[32m[1mnews_browser.py[0m", line [33m45[0m, in [35m__exit__[0m
    [1mself[0m[35m[1m.[0m[1mdriver[0m[35m[1m.[0m[1mclose[0m[1m([0m[1m)[0m
    [36m│    │      └ [0m[36m[1m<function WebDriver.close at 0x000001B1B98A4940>[0m
    [36m│    └ [0m[36m[1m<selenium.webdriver.chrome.webdriver.WebDriver (session="f651b9b15bf2177c2929411ee4309c85")>[0m
    [36m└ [0m[36m[1m<unprintable AjSearchResultPage object>[0m

  File "[32mc:\ProgramData\robocorp\ht\82690e2_b1f3c24_09529949\lib\site-packages\selenium\webdriver\remote\[0m[32m[1mwebdriver.py[0m", line [33m458[0m, in [35mclose[0m
    [1mself[0m[35m[1m.[0m[1mexecute[0m[1m([0m[1mCommand[0m[35m[1m.[0m[1mCLOSE[0m[1m)[0m
    [36m│    │       │       └ [0m[36m[1m'close'[0m
    [36m│    │       └ [0m[36m[1m<class 'selenium.webdriver.remote.command.Command'>[0m
    [36m│    └ [0m[36m[1m<function WebDriver.execute at 0x000001B1B98A43A0>[0m
    [36m└ [0m[36m[1m<selenium.webdriver.chrome.webdriver.WebDriver (session="f651b9b15bf2177c2929411ee4309c85")>[0m

  File "[32mc:\ProgramData\robocorp\ht\82690e2_b1f3c24_09529949\lib\site-packages\selenium\webdriver\remote\[0m[32m[1mwebdriver.py[0m", line [33m347[0m, in [35mexecute[0m
    [1mself[0m[35m[1m.[0m[1merror_handler[0m[35m[1m.[0m[1mcheck_response[0m[1m([0m[1mresponse[0m[1m)[0m
    [36m│    │             │              └ [0m[36m[1m{'status': 404, 'value': '{"value":{"error":"no such window","message":"no such window: target window already closed\\nfrom u...[0m
    [36m│    │             └ [0m[36m[1m<function ErrorHandler.check_response at 0x000001B1B9818940>[0m
    [36m│    └ [0m[36m[1m<selenium.webdriver.remote.errorhandler.ErrorHandler object at 0x000001B1B8FC34F0>[0m
    [36m└ [0m[36m[1m<selenium.webdriver.chrome.webdriver.WebDriver (session="f651b9b15bf2177c2929411ee4309c85")>[0m

  File "[32mc:\ProgramData\robocorp\ht\82690e2_b1f3c24_09529949\lib\site-packages\selenium\webdriver\remote\[0m[32m[1merrorhandler.py[0m", line [33m229[0m, in [35mcheck_response[0m
    [35m[1mraise[0m [1mexception_class[0m[1m([0m[1mmessage[0m[1m,[0m [1mscreen[0m[1m,[0m [1mstacktrace[0m[1m)[0m
    [36m      │               │        │       └ [0m[36m[1m['\tGetHandleVerifier [0x00F50ED3+27667]', '\t(No symbol) [0x00EE6BD4]', '\t(No symbol) [0x00DE1AFF]', '\t(No symbol) [0x00DB...[0m
    [36m      │               │        └ [0m[36m[1mNone[0m
    [36m      │               └ [0m[36m[1m'no such window: target window already closed\nfrom unknown error: web view not found\n  (Session info: chrome=126.0.6478.114)'[0m
    [36m      └ [0m[36m[1m<class 'selenium.common.exceptions.NoSuchWindowException'>[0m

[31m[1mselenium.common.exceptions.NoSuchWindowException[0m:[1m Message: no such window: target window already closed
from unknown error: web view not found
  (Session info: chrome=126.0.6478.114)
Stacktrace:
	GetHandleVerifier [0x00F50ED3+27667]
	(No symbol) [0x00EE6BD4]
	(No symbol) [0x00DE1AFF]
	(No symbol) [0x00DBE483]
	(No symbol) [0x00E4A00F]
	(No symbol) [0x00E4F824]
	(No symbol) [0x00E438F3]
	(No symbol) [0x00E174D1]
	(No symbol) [0x00E1804D]
	GetHandleVerifier [0x01203D43+2857603]
	GetHandleVerifier [0x01257EAD+3202029]
	GetHandleVerifier [0x00FD46D4+566292]
	GetHandleVerifier [0x00FDB8CC+595468]
	(No symbol) [0x00EEF9C4]
	(No symbol) [0x00EEC6D8]
	(No symbol) [0x00EEC877]
	(No symbol) [0x00EDE76E]
	BaseThreadInitThunk [0x76007BA9+25]
	RtlInitializeExceptionChain [0x7751C10B+107]
	RtlClearBits [0x7751C08F+191]
[0m
[32m2024-06-24 00:09:50.489[0m | [38;2;255;0;255mCPU 13.9%[0m | [38;2;255;0;255mMEM 80.7%[0m | [38;2;255;0;255mDISK 83.8%[0m | [1mINFO    [0m | [36mmain[0m:[36mchallenge[0m:[36m153[0m |  - [1mWorkitem: {'search_phrase': 'covid', 'news_section': ['business', 'technology', 'entertainment'], 'number_months': 1}[0m
[32m2024-06-24 00:09:50.500[0m | [38;2;255;0;255mCPU 0.0%[0m | [38;2;255;0;255mMEM 80.7%[0m | [38;2;255;0;255mDISK 83.8%[0m | [1mINFO    [0m | [36mmain[0m:[36mchallenge[0m:[36m155[0m |  - [1mStarting the challenge...[0m
[32m2024-06-24 00:09:50.514[0m | [38;2;255;0;255mCPU 8.3%[0m | [38;2;255;0;255mMEM 80.7%[0m | [38;2;255;0;255mDISK 83.8%[0m | [34m[1mDEBUG   [0m | [36msrc.utils.news_browser[0m:[36m__init__[0m:[36m54[0m |  - [34m[1mCreating browser[0m
[32m2024-06-24 00:09:54.029[0m | [38;2;255;0;255mCPU 6.8%[0m | [38;2;255;0;255mMEM 83.0%[0m | [38;2;255;0;255mDISK 83.8%[0m | [1mINFO    [0m | [36mmain[0m:[36msearch[0m:[36m142[0m |  - [1mNavigating to the site...[0m
[32m2024-06-24 00:11:04.137[0m | [38;2;255;0;255mCPU     [0m | [38;2;255;0;255mMEM     [0m | [38;2;255;0;255mDISK     [0m | [31m[1mERROR   [0m | [36mmain[0m:[36mchallenge[0m:[36m159[0m |  - [31m[1mAn error has been caught in function 'challenge', process 'MainProcess' (13288), thread 'MainThread' (7100):[0m
[33m[1mTraceback (most recent call last):[0m

  File "[32mc:\ProgramData\robocorp\ht\82690e2_b1f3c24_09529949\lib\[0m[32m[1mrunpy.py[0m", line [33m196[0m, in [35m_run_module_as_main[0m
    [35m[1mreturn[0m [1m_run_code[0m[1m([0m[1mcode[0m[1m,[0m [1mmain_globals[0m[1m,[0m [36m[1mNone[0m[1m,[0m
    [36m       │         │     └ [0m[36m[1m{'__name__': '__main__', '__doc__': None, '__package__': 'robocorp.tasks', '__loader__': <_frozen_importlib_external.SourceFi...[0m
    [36m       │         └ [0m[36m[1m<code object <module> at 0x000001BC8E92C0E0, file "c:\Users\bianc\.vscode\extensions\ms-python.debugpy-2024.6.0-win32-x64\bun...[0m
    [36m       └ [0m[36m[1m<function _run_code at 0x000001BC8E90FBE0>[0m

  File "[32mc:\ProgramData\robocorp\ht\82690e2_b1f3c24_09529949\lib\[0m[32m[1mrunpy.py[0m", line [33m86[0m, in [35m_run_code[0m
    [1mexec[0m[1m([0m[1mcode[0m[1m,[0m [1mrun_globals[0m[1m)[0m
    [36m     │     └ [0m[36m[1m{'__name__': '__main__', '__doc__': None, '__package__': 'robocorp.tasks', '__loader__': <_frozen_importlib_external.SourceFi...[0m
    [36m     └ [0m[36m[1m<code object <module> at 0x000001BC8E92C0E0, file "c:\Users\bianc\.vscode\extensions\ms-python.debugpy-2024.6.0-win32-x64\bun...[0m

  File "[32mc:\Users\bianc\.vscode\extensions\ms-python.debugpy-2024.6.0-win32-x64\bundled\libs\debugpy\[0m[32m[1m__main__.py[0m", line [33m39[0m, in [35m<module>[0m
    [1mcli[0m[35m[1m.[0m[1mmain[0m[1m([0m[1m)[0m
    [36m│   └ [0m[36m[1m<function main at 0x000001BC913BD3F0>[0m
    [36m└ [0m[36m[1m<module 'debugpy.server.cli' from 'c:\\Users\\bianc\\.vscode\\extensions\\ms-python.debugpy-2024.6.0-win32-x64\\bundled\\libs...[0m

  File "[32mc:\Users\bianc\.vscode\extensions\ms-python.debugpy-2024.6.0-win32-x64\bundled\libs\debugpy/..\debugpy\server\[0m[32m[1mcli.py[0m", line [33m430[0m, in [35mmain[0m
    [1mrun[0m[1m([0m[1m)[0m
    [36m└ [0m[36m[1m<function run_module at 0x000001BC913BD240>[0m

  File "[32mc:\Users\bianc\.vscode\extensions\ms-python.debugpy-2024.6.0-win32-x64\bundled\libs\debugpy/..\debugpy\server\[0m[32m[1mcli.py[0m", line [33m317[0m, in [35mrun_module[0m
    [1mrun_module_as_main[0m[1m([0m[1moptions[0m[35m[1m.[0m[1mtarget[0m[1m,[0m [1malter_argv[0m[35m[1m=[0m[36m[1mTrue[0m[1m)[0m
    [36m│                  │       └ [0m[36m[1m'robocorp.tasks'[0m
    [36m│                  └ [0m[36m[1m<debugpy.server.cli.Options object at 0x000001BC91346FE0>[0m
    [36m└ [0m[36m[1m<function _run_module_as_main at 0x000001BC9104DEA0>[0m

  File "[32mc:\Users\bianc\.vscode\extensions\ms-python.debugpy-2024.6.0-win32-x64\bundled\libs\debugpy\_vendored\pydevd\_pydevd_bundle\[0m[32m[1mpydevd_runpy.py[0m", line [33m238[0m, in [35m_run_module_as_main[0m
    [35m[1mreturn[0m [1m_run_code[0m[1m([0m[1mcode[0m[1m,[0m [1mmain_globals[0m[1m,[0m [36m[1mNone[0m[1m,[0m
    [36m       │         │     └ [0m[36m[1m{'__name__': '__main__', '__doc__': None, '__package__': 'robocorp.tasks', '__loader__': <_frozen_importlib_external.SourceFi...[0m
    [36m       │         └ [0m[36m[1m<code object <module> at 0x000001BC914E7730, file "c:\ProgramData\robocorp\ht\82690e2_b1f3c24_09529949\lib\site-packages\robo...[0m
    [36m       └ [0m[36m[1m<function _run_code at 0x000001BC9104D990>[0m

  File "[32mc:\Users\bianc\.vscode\extensions\ms-python.debugpy-2024.6.0-win32-x64\bundled\libs\debugpy\_vendored\pydevd\_pydevd_bundle\[0m[32m[1mpydevd_runpy.py[0m", line [33m124[0m, in [35m_run_code[0m
    [1mexec[0m[1m([0m[1mcode[0m[1m,[0m [1mrun_globals[0m[1m)[0m
    [36m     │     └ [0m[36m[1m{'__name__': '__main__', '__doc__': None, '__package__': 'robocorp.tasks', '__loader__': <_frozen_importlib_external.SourceFi...[0m
    [36m     └ [0m[36m[1m<code object <module> at 0x000001BC914E7730, file "c:\ProgramData\robocorp\ht\82690e2_b1f3c24_09529949\lib\site-packages\robo...[0m

  File "[32mc:\ProgramData\robocorp\ht\82690e2_b1f3c24_09529949\lib\site-packages\robocorp\tasks\[0m[32m[1m__main__.py[0m", line [33m4[0m, in [35m<module>[0m
    [1mmain[0m[1m([0m[1m)[0m
    [36m└ [0m[36m[1m<function main at 0x000001BC914B9CF0>[0m

  File "[32mc:\ProgramData\robocorp\ht\82690e2_b1f3c24_09529949\lib\site-packages\robocorp\tasks\[0m[32m[1mcli.py[0m", line [33m78[0m, in [35mmain[0m
    [1mreturncode[0m [35m[1m=[0m [1mdispatcher[0m[35m[1m.[0m[1mprocess_args[0m[1m([0m[1margs[0m[1m)[0m
    [36m             │          │            └ [0m[36m[1m['run', 'c:\\Users\\bianc\\RPAChallenge\\src\\main.py', '-t', 'challenge'][0m
    [36m             │          └ [0m[36m[1m<function _ArgDispatcher.process_args at 0x000001BC91EA30A0>[0m
    [36m             └ [0m[36m[1m<robocorp.tasks._argdispatch._ArgDispatcher object at 0x000001BC91E8D990>[0m

  File "[32mc:\ProgramData\robocorp\ht\82690e2_b1f3c24_09529949\lib\site-packages\robocorp\tasks\[0m[32m[1m_argdispatch.py[0m", line [33m227[0m, in [35mprocess_args[0m
    [35m[1mreturn[0m [1mself[0m[35m[1m.[0m[1m_dispatch[0m[1m([0m[1mparsed[0m[1m)[0m
    [36m       │    │         └ [0m[36m[1mNamespace(command='run', path='c:\\Users\\bianc\\RPAChallenge\\src\\main.py', glob=None, task_name=['challenge'], output_dir=...[0m
    [36m       │    └ [0m[36m[1m<function _ArgDispatcher._dispatch at 0x000001BC91EA2B90>[0m
    [36m       └ [0m[36m[1m<robocorp.tasks._argdispatch._ArgDispatcher object at 0x000001BC91E8D990>[0m

  File "[32mc:\ProgramData\robocorp\ht\82690e2_b1f3c24_09529949\lib\site-packages\robocorp\tasks\[0m[32m[1m_argdispatch.py[0m", line [33m22[0m, in [35m_dispatch[0m
    [35m[1mreturn[0m [1mmethod[0m[1m([0m[35m[1m**[0m[1mdct[0m[1m)[0m
    [36m       │        └ [0m[36m[1m{'path': 'c:\\Users\\bianc\\RPAChallenge\\src\\main.py', 'glob': None, 'task_name': ['challenge'], 'output_dir': '', 'max_log...[0m
    [36m       └ [0m[36m[1m<function run at 0x000001BC91EA31C0>[0m

  File "[32mc:\ProgramData\robocorp\ht\82690e2_b1f3c24_09529949\lib\site-packages\robocorp\tasks\[0m[32m[1m_commands.py[0m", line [33m440[0m, in [35mrun[0m
    [1mresult[0m [35m[1m=[0m [1mtask[0m[35m[1m.[0m[1mrun[0m[1m([0m[35m[1m*[0m[1margs[0m[1m,[0m [35m[1m**[0m[1mkwargs[0m[1m)[0m
    [36m         │    │    │       └ [0m[36m[1m{}[0m
    [36m         │    │    └ [0m[36m[1m[][0m
    [36m         │    └ [0m[36m[1m<function Task.run at 0x000001BC91F528C0>[0m
    [36m         └ [0m[36m[1mTask(challenge, status: NOT_RUN)[0m

  File "[32mc:\ProgramData\robocorp\ht\82690e2_b1f3c24_09529949\lib\site-packages\robocorp\tasks\[0m[32m[1m_task.py[0m", line [33m89[0m, in [35mrun[0m
    [35m[1mreturn[0m [1mself[0m[35m[1m.[0m[1mmethod[0m[1m([0m[35m[1m*[0m[1margs[0m[1m,[0m [35m[1m**[0m[1mkwargs[0m[1m)[0m
    [36m       │    │       │       └ [0m[36m[1m{}[0m
    [36m       │    │       └ [0m[36m[1m()[0m
    [36m       │    └ [0m[36m[1m<function challenge at 0x000001BC9470E200>[0m
    [36m       └ [0m[36m[1mTask(challenge, status: NOT_RUN)[0m

> File "[32mc:\Users\bianc\RPAChallenge\src\[0m[32m[1mmain.py[0m", line [33m159[0m, in [35mchallenge[0m
    [1mresult[0m [35m[1m=[0m [1msearch[0m[1m([0m[1mnews_browser[0m[1m)[0m
    [36m         │      └ [0m[36m[1m<src.utils.news_browser.AljazeeraSearch object at 0x000001BC91FE6E90>[0m
    [36m         └ [0m[36m[1m<function search at 0x000001BC9470DEA0>[0m

  File "[32mc:\Users\bianc\RPAChallenge\src\[0m[32m[1mmain.py[0m", line [33m146[0m, in [35msearch[0m
    [1mbrowser[0m[35m[1m.[0m[1msearch[0m[1m([0m[1msearch_phrase[0m[1m)[0m
    [36m│       │      └ [0m[36m[1m'covid'[0m
    [36m│       └ [0m[36m[1m<function AljazeeraSearch.search at 0x000001BC9470E5F0>[0m
    [36m└ [0m[36m[1m<src.utils.news_browser.AljazeeraSearch object at 0x000001BC91FE6E90>[0m

  File "[32mc:\Users\bianc\RPAChallenge\src\utils\[0m[32m[1mnews_browser.py[0m", line [33m87[0m, in [35msearch[0m
    [35m[1mwith[0m [1mself[0m[35m[1m.[0m[1mnew_page[0m[1m([0m[1murl[0m[35m[1m=[0m[1mself[0m[35m[1m.[0m[1murl[0m[1m)[0m [35m[1mas[0m [1mpage[0m[1m:[0m
    [36m     │    │            │    │       └ [0m[36m[1m<unprintable AjSearchResultPage object>[0m
    [36m     │    │            │    └ [0m[36m[1m'https://www.aljazeera.com'[0m
    [36m     │    │            └ [0m[36m[1m<src.utils.news_browser.AljazeeraSearch object at 0x000001BC91FE6E90>[0m
    [36m     │    └ [0m[36m[1m<function AljazeeraSearch.new_page at 0x000001BC9470E440>[0m
    [36m     └ [0m[36m[1m<src.utils.news_browser.AljazeeraSearch object at 0x000001BC91FE6E90>[0m

  File "[32mc:\Users\bianc\RPAChallenge\src\utils\[0m[32m[1mnews_browser.py[0m", line [33m45[0m, in [35m__exit__[0m
    [1mself[0m[35m[1m.[0m[1mdriver[0m[35m[1m.[0m[1mclose[0m[1m([0m[1m)[0m
    [36m│    │      └ [0m[36m[1m<function WebDriver.close at 0x000001BC933477F0>[0m
    [36m│    └ [0m[36m[1m<selenium.webdriver.chrome.webdriver.WebDriver (session="aa4ac0f7b93872d835026c68f88d210f")>[0m
    [36m└ [0m[36m[1m<unprintable AjSearchResultPage object>[0m

  File "[32mc:\ProgramData\robocorp\ht\82690e2_b1f3c24_09529949\lib\site-packages\selenium\webdriver\remote\[0m[32m[1mwebdriver.py[0m", line [33m458[0m, in [35mclose[0m
    [1mself[0m[35m[1m.[0m[1mexecute[0m[1m([0m[1mCommand[0m[35m[1m.[0m[1mCLOSE[0m[1m)[0m
    [36m│    │       │       └ [0m[36m[1m'close'[0m
    [36m│    │       └ [0m[36m[1m<class 'selenium.webdriver.remote.command.Command'>[0m
    [36m│    └ [0m[36m[1m<function WebDriver.execute at 0x000001BC93347250>[0m
    [36m└ [0m[36m[1m<selenium.webdriver.chrome.webdriver.WebDriver (session="aa4ac0f7b93872d835026c68f88d210f")>[0m

  File "[32mc:\ProgramData\robocorp\ht\82690e2_b1f3c24_09529949\lib\site-packages\selenium\webdriver\remote\[0m[32m[1mwebdriver.py[0m", line [33m347[0m, in [35mexecute[0m
    [1mself[0m[35m[1m.[0m[1merror_handler[0m[35m[1m.[0m[1mcheck_response[0m[1m([0m[1mresponse[0m[1m)[0m
    [36m│    │             │              └ [0m[36m[1m{'status': 404, 'value': '{"value":{"error":"no such window","message":"no such window: target window already closed\\nfrom u...[0m
    [36m│    │             └ [0m[36m[1m<function ErrorHandler.check_response at 0x000001BC932B77F0>[0m
    [36m│    └ [0m[36m[1m<selenium.webdriver.remote.errorhandler.ErrorHandler object at 0x000001BC9474F490>[0m
    [36m└ [0m[36m[1m<selenium.webdriver.chrome.webdriver.WebDriver (session="aa4ac0f7b93872d835026c68f88d210f")>[0m

  File "[32mc:\ProgramData\robocorp\ht\82690e2_b1f3c24_09529949\lib\site-packages\selenium\webdriver\remote\[0m[32m[1merrorhandler.py[0m", line [33m229[0m, in [35mcheck_response[0m
    [35m[1mraise[0m [1mexception_class[0m[1m([0m[1mmessage[0m[1m,[0m [1mscreen[0m[1m,[0m [1mstacktrace[0m[1m)[0m
    [36m      │               │        │       └ [0m[36m[1m['\tGetHandleVerifier [0x00F50ED3+27667]', '\t(No symbol) [0x00EE6BD4]', '\t(No symbol) [0x00DE1AFF]', '\t(No symbol) [0x00DB...[0m
    [36m      │               │        └ [0m[36m[1mNone[0m
    [36m      │               └ [0m[36m[1m'no such window: target window already closed\nfrom unknown error: web view not found\n  (Session info: chrome=126.0.6478.114)'[0m
    [36m      └ [0m[36m[1m<class 'selenium.common.exceptions.NoSuchWindowException'>[0m

[31m[1mselenium.common.exceptions.NoSuchWindowException[0m:[1m Message: no such window: target window already closed
from unknown error: web view not found
  (Session info: chrome=126.0.6478.114)
Stacktrace:
	GetHandleVerifier [0x00F50ED3+27667]
	(No symbol) [0x00EE6BD4]
	(No symbol) [0x00DE1AFF]
	(No symbol) [0x00DBE483]
	(No symbol) [0x00E4A00F]
	(No symbol) [0x00E4F824]
	(No symbol) [0x00E438F3]
	(No symbol) [0x00E174D1]
	(No symbol) [0x00E1804D]
	GetHandleVerifier [0x01203D43+2857603]
	GetHandleVerifier [0x01257EAD+3202029]
	GetHandleVerifier [0x00FD46D4+566292]
	GetHandleVerifier [0x00FDB8CC+595468]
	(No symbol) [0x00EEF9C4]
	(No symbol) [0x00EEC6D8]
	(No symbol) [0x00EEC877]
	(No symbol) [0x00EDE76E]
	BaseThreadInitThunk [0x76007BA9+25]
	RtlInitializeExceptionChain [0x7751C10B+107]
	RtlClearBits [0x7751C08F+191]
[0m
[32m2024-06-24 00:12:45.057[0m | [38;2;255;0;255mCPU 0.0%[0m | [38;2;255;0;255mMEM 86.5%[0m | [38;2;255;0;255mDISK 83.8%[0m | [1mINFO    [0m | [36mmain[0m:[36mchallenge[0m:[36m153[0m |  - [1mWorkitem: {'search_phrase': 'covid', 'news_section': ['business', 'technology', 'entertainment'], 'number_months': 1}[0m
[32m2024-06-24 00:12:45.068[0m | [38;2;255;0;255mCPU 0.0%[0m | [38;2;255;0;255mMEM 86.5%[0m | [38;2;255;0;255mDISK 83.8%[0m | [1mINFO    [0m | [36mmain[0m:[36mchallenge[0m:[36m155[0m |  - [1mStarting the challenge...[0m
[32m2024-06-24 00:12:45.081[0m | [38;2;255;0;255mCPU 0.0%[0m | [38;2;255;0;255mMEM 86.5%[0m | [38;2;255;0;255mDISK 83.8%[0m | [34m[1mDEBUG   [0m | [36msrc.utils.news_browser[0m:[36m__init__[0m:[36m58[0m |  - [34m[1mCreating browser[0m
[32m2024-06-24 00:12:48.564[0m | [38;2;255;0;255mCPU 6.9%[0m | [38;2;255;0;255mMEM 88.6%[0m | [38;2;255;0;255mDISK 83.8%[0m | [1mINFO    [0m | [36mmain[0m:[36msearch[0m:[36m142[0m |  - [1mNavigating to the site...[0m
[32m2024-06-24 00:14:32.091[0m | [38;2;255;0;255mCPU 3.6%[0m | [38;2;255;0;255mMEM 83.8%[0m | [38;2;255;0;255mDISK 83.8%[0m | [1mINFO    [0m | [36mmain[0m:[36mchallenge[0m:[36m153[0m |  - [1mWorkitem: {'search_phrase': 'covid', 'news_section': ['business', 'technology', 'entertainment'], 'number_months': 1}[0m
[32m2024-06-24 00:14:32.104[0m | [38;2;255;0;255mCPU 0.0%[0m | [38;2;255;0;255mMEM 83.8%[0m | [38;2;255;0;255mDISK 83.8%[0m | [1mINFO    [0m | [36mmain[0m:[36mchallenge[0m:[36m155[0m |  - [1mStarting the challenge...[0m
[32m2024-06-24 00:14:32.115[0m | [38;2;255;0;255mCPU 8.3%[0m | [38;2;255;0;255mMEM 83.8%[0m | [38;2;255;0;255mDISK 83.8%[0m | [34m[1mDEBUG   [0m | [36msrc.utils.news_browser[0m:[36m__init__[0m:[36m56[0m |  - [34m[1mCreating browser[0m
[32m2024-06-24 00:14:35.589[0m | [38;2;255;0;255mCPU 6.4%[0m | [38;2;255;0;255mMEM 85.6%[0m | [38;2;255;0;255mDISK 83.8%[0m | [1mINFO    [0m | [36mmain[0m:[36msearch[0m:[36m142[0m |  - [1mNavigating to the site...[0m
[32m2024-06-24 00:15:27.684[0m | [38;2;255;0;255mCPU 0.0% [0m | [38;2;255;0;255mMEM 81.3%[0m | [38;2;255;0;255mDISK 83.8%[0m | [1mINFO    [0m | [36mmain[0m:[36mchallenge[0m:[36m153[0m |  - [1mWorkitem: {'search_phrase': 'covid', 'news_section': ['business', 'technology', 'entertainment'], 'number_months': 1}[0m
[32m2024-06-24 00:15:27.692[0m | [38;2;255;0;255mCPU 0.0% [0m | [38;2;255;0;255mMEM 81.3%[0m | [38;2;255;0;255mDISK 83.8%[0m | [1mINFO    [0m | [36mmain[0m:[36mchallenge[0m:[36m155[0m |  - [1mStarting the challenge...[0m
[32m2024-06-24 00:15:27.718[0m | [38;2;255;0;255mCPU 25.0%[0m | [38;2;255;0;255mMEM 81.5%[0m | [38;2;255;0;255mDISK 83.8%[0m | [34m[1mDEBUG   [0m | [36msrc.utils.news_browser[0m:[36m__init__[0m:[36m56[0m |  - [34m[1mCreating browser[0m
[32m2024-06-24 00:15:30.919[0m | [38;2;255;0;255mCPU 5.8% [0m | [38;2;255;0;255mMEM 83.2%[0m | [38;2;255;0;255mDISK 83.8%[0m | [1mINFO    [0m | [36mmain[0m:[36msearch[0m:[36m142[0m |  - [1mNavigating to the site...[0m
[32m2024-06-24 00:16:03.790[0m | [38;2;255;0;255mCPU 13.3%[0m | [38;2;255;0;255mMEM 74.9%[0m | [38;2;255;0;255mDISK 83.8%[0m | [1mINFO    [0m | [36mmain[0m:[36mchallenge[0m:[36m153[0m |  - [1mWorkitem: {'search_phrase': 'covid', 'news_section': ['business', 'technology', 'entertainment'], 'number_months': 1}[0m
[32m2024-06-24 00:16:03.798[0m | [38;2;255;0;255mCPU 0.0% [0m | [38;2;255;0;255mMEM 74.9%[0m | [38;2;255;0;255mDISK 83.8%[0m | [1mINFO    [0m | [36mmain[0m:[36mchallenge[0m:[36m155[0m |  - [1mStarting the challenge...[0m
[32m2024-06-24 00:16:03.807[0m | [38;2;255;0;255mCPU 0.0% [0m | [38;2;255;0;255mMEM 74.9%[0m | [38;2;255;0;255mDISK 83.8%[0m | [34m[1mDEBUG   [0m | [36msrc.utils.news_browser[0m:[36m__init__[0m:[36m56[0m |  - [34m[1mCreating browser[0m
[32m2024-06-24 00:16:07.084[0m | [38;2;255;0;255mCPU 5.9% [0m | [38;2;255;0;255mMEM 77.7%[0m | [38;2;255;0;255mDISK 83.8%[0m | [1mINFO    [0m | [36mmain[0m:[36msearch[0m:[36m142[0m |  - [1mNavigating to the site...[0m
[32m2024-06-24 00:40:12.902[0m | [38;2;255;0;255mCPU 3.8% [0m | [38;2;255;0;255mMEM 91.7%[0m | [38;2;255;0;255mDISK 83.8%[0m | [1mINFO    [0m | [36mmain[0m:[36mchallenge[0m:[36m153[0m |  - [1mWorkitem: {'search_phrase': 'covid', 'news_section': ['business', 'technology', 'entertainment'], 'number_months': 1}[0m
[32m2024-06-24 00:40:12.915[0m | [38;2;255;0;255mCPU 0.0% [0m | [38;2;255;0;255mMEM 91.9%[0m | [38;2;255;0;255mDISK 83.8%[0m | [1mINFO    [0m | [36mmain[0m:[36mchallenge[0m:[36m155[0m |  - [1mStarting the challenge...[0m
[32m2024-06-24 00:40:12.927[0m | [38;2;255;0;255mCPU 8.3% [0m | [38;2;255;0;255mMEM 91.9%[0m | [38;2;255;0;255mDISK 83.8%[0m | [1mINFO    [0m | [36mmain[0m:[36mchallenge[0m:[36m157[0m |  - [1m Step 1: Search news and collecting data...[0m
[32m2024-06-24 00:40:12.940[0m | [38;2;255;0;255mCPU 16.7%[0m | [38;2;255;0;255mMEM 91.9%[0m | [38;2;255;0;255mDISK 83.8%[0m | [34m[1mDEBUG   [0m | [36msrc.utils.news_browser[0m:[36m__init__[0m:[36m56[0m |  - [34m[1mCreating browser[0m
[32m2024-06-24 00:40:16.974[0m | [38;2;255;0;255mCPU 6.5% [0m | [38;2;255;0;255mMEM 93.6%[0m | [38;2;255;0;255mDISK 83.8%[0m | [1mINFO    [0m | [36mmain[0m:[36msearch[0m:[36m142[0m |  - [1mNavigating to the site...[0m
